<?xml version="1.0" encoding="UTF-8" standalone="yes"?><!DOCTYPE report PUBLIC "-//JACOCO//DTD Report 1.0//EN" "report.dtd"><report name="Powerunit - Java Testing framework for JDK 1.8"><sessioninfo id="testing-worker-linux-7-1-14924-linux-4-28911975-3bf31278" start="1404251122794" dump="1404251124929"/><sessioninfo id="testing-worker-linux-7-1-14924-linux-4-28911975-e94fbb9d" start="1404251125927" dump="1404251128102"/><sessioninfo id="testing-worker-linux-7-1-14924-linux-4-28911975-cedb83ae" start="1404251128867" dump="1404251132540"/><sessioninfo id="testing-worker-linux-7-1-14924-linux-4-28911975-b8ce367f" start="1404251133238" dump="1404251135693"/><sessioninfo id="testing-worker-linux-7-1-14924-linux-4-28911975-54f82278" start="1404251136506" dump="1404251139095"/><sessioninfo id="testing-worker-linux-7-1-14924-linux-4-28911975-b50609c7" start="1404251148711" dump="1404251150914"/><sessioninfo id="testing-worker-linux-7-1-14924-linux-4-28911975-7673b538" start="1404251151690" dump="1404251157830"/><package name="ch/powerunit/helpers"><class name="ch/powerunit/helpers/StreamParametersMapFunction"><method name="&lt;init&gt;" desc="()V" line="50"><counter type="INSTRUCTION" missed="0" covered="8"/><counter type="LINE" missed="0" covered="3"/><counter type="COMPLEXITY" missed="0" covered="1"/><counter type="METHOD" missed="0" covered="1"/></method><method name="apply" desc="([Ljava/lang/Object;)[Ljava/lang/Object;" line="63"><counter type="INSTRUCTION" missed="0" covered="30"/><counter type="BRANCH" missed="0" covered="2"/><counter type="LINE" missed="0" covered="6"/><counter type="COMPLEXITY" missed="0" covered="2"/><counter type="METHOD" missed="0" covered="1"/></method><method name="map" desc="(ILjava/util/function/Function;)Lch/powerunit/helpers/StreamParametersMapFunction;" line="89"><counter type="INSTRUCTION" missed="14" covered="0"/><counter type="BRANCH" missed="2" covered="0"/><counter type="LINE" missed="3" covered="0"/><counter type="COMPLEXITY" missed="2" covered="0"/><counter type="METHOD" missed="1" covered="0"/></method><method name="stringToParameterMap" desc="(Ljava/lang/Class;)Lch/powerunit/helpers/StreamParametersMapFunction;" line="111"><counter type="INSTRUCTION" missed="0" covered="14"/><counter type="LINE" missed="0" covered="5"/><counter type="COMPLEXITY" missed="0" covered="1"/><counter type="METHOD" missed="0" covered="1"/></method><method name="getEntryParameterizedTypeFunction" desc="(Ljava/lang/reflect/ParameterizedType;)Ljava/util/function/Function;" line="137"><counter type="INSTRUCTION" missed="20" covered="37"/><counter type="BRANCH" missed="5" covered="5"/><counter type="LINE" missed="4" covered="9"/><counter type="COMPLEXITY" missed="4" covered="2"/><counter type="METHOD" missed="0" covered="1"/></method><method name="getEntryClassMapperFunction" desc="(Ljava/lang/Class;)Ljava/util/function/Function;" line="156"><counter type="INSTRUCTION" missed="3" covered="18"/><counter type="BRANCH" missed="1" covered="3"/><counter type="LINE" missed="2" covered="6"/><counter type="COMPLEXITY" missed="1" covered="2"/><counter type="METHOD" missed="0" covered="1"/></method><method name="getSingleEntryClassMapperFunction" desc="(Ljava/lang/Class;)Ljava/util/function/Function;" line="171"><counter type="INSTRUCTION" missed="12" covered="72"/><counter type="BRANCH" missed="13" covered="19"/><counter type="LINE" missed="6" covered="13"/><counter type="COMPLEXITY" missed="13" covered="4"/><counter type="METHOD" missed="0" covered="1"/></method><method name="arrayMapper" desc="(Ljava/lang/Class;Ljava/util/function/Function;Ljava/lang/String;)Ljava/util/function/Function;" line="203"><counter type="INSTRUCTION" missed="0" covered="5"/><counter type="LINE" missed="0" covered="1"/><counter type="COMPLEXITY" missed="0" covered="1"/><counter type="METHOD" missed="0" covered="1"/></method><method name="collectionMapper" desc="(Ljava/lang/Class;Ljava/util/function/Function;Ljava/lang/String;)Ljava/util/function/Function;" line="215"><counter type="INSTRUCTION" missed="0" covered="4"/><counter type="LINE" missed="0" covered="1"/><counter type="COMPLEXITY" missed="0" covered="1"/><counter type="METHOD" missed="0" covered="1"/></method><method name="setMapper" desc="(Ljava/lang/Class;Ljava/util/function/Function;Ljava/lang/String;)Ljava/util/function/Function;" line="226"><counter type="INSTRUCTION" missed="4" covered="0"/><counter type="LINE" missed="1" covered="0"/><counter type="COMPLEXITY" missed="1" covered="0"/><counter type="METHOD" missed="1" covered="0"/></method><method name="andMap" desc="(ILjava/util/function/Function;)Lch/powerunit/helpers/StreamParametersMapFunction;" line="251"><counter type="INSTRUCTION" missed="5" covered="14"/><counter type="BRANCH" missed="1" covered="1"/><counter type="LINE" missed="1" covered="4"/><counter type="COMPLEXITY" missed="1" covered="1"/><counter type="METHOD" missed="0" covered="1"/></method><counter type="INSTRUCTION" missed="58" covered="202"/><counter type="BRANCH" missed="22" covered="30"/><counter type="LINE" missed="17" covered="48"/><counter type="COMPLEXITY" missed="22" covered="15"/><counter type="METHOD" missed="2" covered="9"/><counter type="CLASS" missed="0" covered="1"/></class><sourcefile name="StreamParametersMapFunction.java"><line nr="50" mi="0" ci="2" mb="0" cb="0"/><line nr="51" mi="0" ci="1" mb="0" cb="0"/><line nr="59" mi="0" ci="5" mb="0" cb="0"/><line nr="63" mi="0" ci="4" mb="0" cb="0"/><line nr="64" mi="0" ci="8" mb="0" cb="2"/><line nr="65" mi="0" ci="7" mb="0" cb="0"/><line nr="66" mi="0" ci="1" mb="0" cb="0"/><line nr="67" mi="0" ci="8" mb="0" cb="0"/><line nr="69" mi="0" ci="2" mb="0" cb="0"/><line nr="89" mi="2" ci="0" mb="2" cb="0"/><line nr="90" mi="5" ci="0" mb="0" cb="0"/><line nr="92" mi="7" ci="0" mb="0" cb="0"/><line nr="111" mi="0" ci="4" mb="0" cb="0"/><line nr="112" mi="0" ci="4" mb="0" cb="0"/><line nr="113" mi="0" ci="3" mb="0" cb="0"/><line nr="114" mi="0" ci="1" mb="0" cb="0"/><line nr="131" mi="0" ci="2" mb="0" cb="0"/><line nr="137" mi="0" ci="3" mb="0" cb="0"/><line nr="138" mi="0" ci="5" mb="0" cb="2"/><line nr="139" mi="0" ci="5" mb="1" cb="1"/><line nr="140" mi="0" ci="6" mb="0" cb="0"/><line nr="141" mi="0" ci="4" mb="0" cb="0"/><line nr="142" mi="0" ci="2" mb="0" cb="0"/><line nr="143" mi="1" ci="4" mb="1" cb="1"/><line nr="144" mi="5" ci="0" mb="2" cb="0"/><line nr="145" mi="6" ci="0" mb="0" cb="0"/><line nr="146" mi="6" ci="0" mb="0" cb="0"/><line nr="148" mi="0" ci="4" mb="1" cb="1"/><line nr="149" mi="0" ci="4" mb="0" cb="0"/><line nr="151" mi="2" ci="0" mb="0" cb="0"/><line nr="156" mi="0" ci="3" mb="0" cb="2"/><line nr="157" mi="0" ci="3" mb="0" cb="0"/><line nr="158" mi="0" ci="1" mb="0" cb="0"/><line nr="159" mi="0" ci="2" mb="1" cb="1"/><line nr="160" mi="0" ci="6" mb="0" cb="0"/><line nr="163" mi="1" ci="0" mb="0" cb="0"/><line nr="164" mi="0" ci="3" mb="0" cb="0"/><line nr="166" mi="2" ci="0" mb="0" cb="0"/><line nr="171" mi="0" ci="8" mb="1" cb="3"/><line nr="172" mi="0" ci="2" mb="0" cb="0"/><line nr="173" mi="0" ci="8" mb="2" cb="2"/><line nr="174" mi="2" ci="0" mb="0" cb="0"/><line nr="175" mi="0" ci="8" mb="2" cb="2"/><line nr="176" mi="2" ci="0" mb="0" cb="0"/><line nr="177" mi="0" ci="8" mb="2" cb="2"/><line nr="178" mi="2" ci="0" mb="0" cb="0"/><line nr="179" mi="0" ci="8" mb="2" cb="2"/><line nr="180" mi="2" ci="0" mb="0" cb="0"/><line nr="181" mi="0" ci="8" mb="2" cb="2"/><line nr="182" mi="2" ci="0" mb="0" cb="0"/><line nr="183" mi="0" ci="4" mb="0" cb="2"/><line nr="184" mi="0" ci="2" mb="0" cb="0"/><line nr="185" mi="0" ci="8" mb="1" cb="3"/><line nr="186" mi="0" ci="2" mb="0" cb="0"/><line nr="187" mi="0" ci="4" mb="1" cb="1"/><line nr="188" mi="0" ci="2" mb="0" cb="0"/><line nr="197" mi="2" ci="0" mb="0" cb="0"/><line nr="203" mi="0" ci="5" mb="0" cb="0"/><line nr="215" mi="0" ci="4" mb="0" cb="0"/><line nr="226" mi="4" ci="0" mb="0" cb="0"/><line nr="251" mi="0" ci="2" mb="1" cb="1"/><line nr="252" mi="5" ci="0" mb="0" cb="0"/><line nr="254" mi="0" ci="3" mb="0" cb="0"/><line nr="255" mi="0" ci="7" mb="0" cb="0"/><line nr="256" mi="0" ci="2" mb="0" cb="0"/><counter type="INSTRUCTION" missed="58" covered="202"/><counter type="BRANCH" missed="22" covered="30"/><counter type="LINE" missed="17" covered="48"/><counter type="COMPLEXITY" missed="22" covered="15"/><counter type="METHOD" missed="2" covered="9"/><counter type="CLASS" missed="0" covered="1"/></sourcefile><counter type="INSTRUCTION" missed="58" covered="202"/><counter type="BRANCH" missed="22" covered="30"/><counter type="LINE" missed="17" covered="48"/><counter type="COMPLEXITY" missed="22" covered="15"/><counter type="METHOD" missed="2" covered="9"/><counter type="CLASS" missed="0" covered="1"/></package><package name="ch/powerunit/matchers"><class name="ch/powerunit/matchers/StringPatternMatcher"><method name="&lt;init&gt;" desc="(Ljava/util/regex/Pattern;)V" line="38"><counter type="INSTRUCTION" missed="6" covered="0"/><counter type="LINE" missed="3" covered="0"/><counter type="COMPLEXITY" missed="1" covered="0"/><counter type="METHOD" missed="1" covered="0"/></method><method name="describeTo" desc="(Lorg/hamcrest/Description;)V" line="46"><counter type="INSTRUCTION" missed="8" covered="0"/><counter type="LINE" missed="2" covered="0"/><counter type="COMPLEXITY" missed="1" covered="0"/><counter type="METHOD" missed="1" covered="0"/></method><method name="matchesSafely" desc="(Ljava/lang/String;Lorg/hamcrest/Description;)Z" line="52"><counter type="INSTRUCTION" missed="21" covered="0"/><counter type="BRANCH" missed="2" covered="0"/><counter type="LINE" missed="5" covered="0"/><counter type="COMPLEXITY" missed="2" covered="0"/><counter type="METHOD" missed="1" covered="0"/></method><counter type="INSTRUCTION" missed="35" covered="0"/><counter type="BRANCH" missed="2" covered="0"/><counter type="LINE" missed="10" covered="0"/><counter type="COMPLEXITY" missed="4" covered="0"/><counter type="METHOD" missed="3" covered="0"/><counter type="CLASS" missed="1" covered="0"/></class><class name="ch/powerunit/matchers/ExceptionMessageMatcher"><method name="&lt;init&gt;" desc="(Lorg/hamcrest/Matcher;)V" line="40"><counter type="INSTRUCTION" missed="0" covered="6"/><counter type="LINE" missed="0" covered="2"/><counter type="COMPLEXITY" missed="0" covered="1"/><counter type="METHOD" missed="0" covered="1"/></method><method name="featureValueOf" desc="(Ljava/lang/Throwable;)Ljava/lang/String;" line="45"><counter type="INSTRUCTION" missed="0" covered="3"/><counter type="LINE" missed="0" covered="1"/><counter type="COMPLEXITY" missed="0" covered="1"/><counter type="METHOD" missed="0" covered="1"/></method><counter type="INSTRUCTION" missed="0" covered="9"/><counter type="LINE" missed="0" covered="3"/><counter type="COMPLEXITY" missed="0" covered="2"/><counter type="METHOD" missed="0" covered="2"/><counter type="CLASS" missed="0" covered="1"/></class><sourcefile name="ExceptionMessageMatcher.java"><line nr="40" mi="0" ci="5" mb="0" cb="0"/><line nr="41" mi="0" ci="1" mb="0" cb="0"/><line nr="45" mi="0" ci="3" mb="0" cb="0"/><counter type="INSTRUCTION" missed="0" covered="9"/><counter type="LINE" missed="0" covered="3"/><counter type="COMPLEXITY" missed="0" covered="2"/><counter type="METHOD" missed="0" covered="2"/><counter type="CLASS" missed="0" covered="1"/></sourcefile><sourcefile name="StringPatternMatcher.java"><line nr="38" mi="2" ci="0" mb="0" cb="0"/><line nr="39" mi="3" ci="0" mb="0" cb="0"/><line nr="40" mi="1" ci="0" mb="0" cb="0"/><line nr="46" mi="7" ci="0" mb="0" cb="0"/><line nr="48" mi="1" ci="0" mb="0" cb="0"/><line nr="52" mi="6" ci="0" mb="2" cb="0"/><line nr="53" mi="6" ci="0" mb="0" cb="0"/><line nr="54" mi="5" ci="0" mb="0" cb="0"/><line nr="55" mi="2" ci="0" mb="0" cb="0"/><line nr="57" mi="2" ci="0" mb="0" cb="0"/><counter type="INSTRUCTION" missed="35" covered="0"/><counter type="BRANCH" missed="2" covered="0"/><counter type="LINE" missed="10" covered="0"/><counter type="COMPLEXITY" missed="4" covered="0"/><counter type="METHOD" missed="3" covered="0"/><counter type="CLASS" missed="1" covered="0"/></sourcefile><counter type="INSTRUCTION" missed="35" covered="9"/><counter type="BRANCH" missed="2" covered="0"/><counter type="LINE" missed="10" covered="3"/><counter type="COMPLEXITY" missed="4" covered="2"/><counter type="METHOD" missed="3" covered="2"/><counter type="CLASS" missed="1" covered="1"/></package><package name="ch/powerunit/matchers/optional"><class name="ch/powerunit/matchers/optional/OptionalLongPresentMatcher"><method name="&lt;init&gt;" desc="(Lorg/hamcrest/Matcher;)V" line="43"><counter type="INSTRUCTION" missed="0" covered="6"/><counter type="LINE" missed="0" covered="2"/><counter type="COMPLEXITY" missed="0" covered="1"/><counter type="METHOD" missed="0" covered="1"/></method><method name="featureValueOf" desc="(Ljava/util/OptionalLong;)Ljava/lang/Boolean;" line="48"><counter type="INSTRUCTION" missed="0" covered="4"/><counter type="LINE" missed="0" covered="1"/><counter type="COMPLEXITY" missed="0" covered="1"/><counter type="METHOD" missed="0" covered="1"/></method><counter type="INSTRUCTION" missed="0" covered="10"/><counter type="LINE" missed="0" covered="3"/><counter type="COMPLEXITY" missed="0" covered="2"/><counter type="METHOD" missed="0" covered="2"/><counter type="CLASS" missed="0" covered="1"/></class><class name="ch/powerunit/matchers/optional/OptionalDoublePresentMatcher"><method name="&lt;init&gt;" desc="(Lorg/hamcrest/Matcher;)V" line="43"><counter type="INSTRUCTION" missed="0" covered="6"/><counter type="LINE" missed="0" covered="2"/><counter type="COMPLEXITY" missed="0" covered="1"/><counter type="METHOD" missed="0" covered="1"/></method><method name="featureValueOf" desc="(Ljava/util/OptionalDouble;)Ljava/lang/Boolean;" line="48"><counter type="INSTRUCTION" missed="0" covered="4"/><counter type="LINE" missed="0" covered="1"/><counter type="COMPLEXITY" missed="0" covered="1"/><counter type="METHOD" missed="0" covered="1"/></method><counter type="INSTRUCTION" missed="0" covered="10"/><counter type="LINE" missed="0" covered="3"/><counter type="COMPLEXITY" missed="0" covered="2"/><counter type="METHOD" missed="0" covered="2"/><counter type="CLASS" missed="0" covered="1"/></class><class name="ch/powerunit/matchers/optional/OptionalIntMatcher"><method name="&lt;init&gt;" desc="(Lorg/hamcrest/Matcher;)V" line="42"><counter type="INSTRUCTION" missed="0" covered="6"/><counter type="LINE" missed="0" covered="2"/><counter type="COMPLEXITY" missed="0" covered="1"/><counter type="METHOD" missed="0" covered="1"/></method><method name="featureValueOf" desc="(Ljava/util/OptionalInt;)Ljava/lang/Integer;" line="47"><counter type="INSTRUCTION" missed="0" covered="4"/><counter type="LINE" missed="0" covered="1"/><counter type="COMPLEXITY" missed="0" covered="1"/><counter type="METHOD" missed="0" covered="1"/></method><counter type="INSTRUCTION" missed="0" covered="10"/><counter type="LINE" missed="0" covered="3"/><counter type="COMPLEXITY" missed="0" covered="2"/><counter type="METHOD" missed="0" covered="2"/><counter type="CLASS" missed="0" covered="1"/></class><class name="ch/powerunit/matchers/optional/OptionalMatcher"><method name="&lt;init&gt;" desc="(Lorg/hamcrest/Matcher;)V" line="42"><counter type="INSTRUCTION" missed="0" covered="6"/><counter type="LINE" missed="0" covered="2"/><counter type="COMPLEXITY" missed="0" covered="1"/><counter type="METHOD" missed="0" covered="1"/></method><method name="featureValueOf" desc="(Ljava/util/Optional;)Ljava/lang/Object;" line="47"><counter type="INSTRUCTION" missed="0" covered="3"/><counter type="LINE" missed="0" covered="1"/><counter type="COMPLEXITY" missed="0" covered="1"/><counter type="METHOD" missed="0" covered="1"/></method><counter type="INSTRUCTION" missed="0" covered="9"/><counter type="LINE" missed="0" covered="3"/><counter type="COMPLEXITY" missed="0" covered="2"/><counter type="METHOD" missed="0" covered="2"/><counter type="CLASS" missed="0" covered="1"/></class><class name="ch/powerunit/matchers/optional/OptionalIntPresentMatcher"><method name="&lt;init&gt;" desc="(Lorg/hamcrest/Matcher;)V" line="43"><counter type="INSTRUCTION" missed="0" covered="6"/><counter type="LINE" missed="0" covered="2"/><counter type="COMPLEXITY" missed="0" covered="1"/><counter type="METHOD" missed="0" covered="1"/></method><method name="featureValueOf" desc="(Ljava/util/OptionalInt;)Ljava/lang/Boolean;" line="48"><counter type="INSTRUCTION" missed="0" covered="4"/><counter type="LINE" missed="0" covered="1"/><counter type="COMPLEXITY" missed="0" covered="1"/><counter type="METHOD" missed="0" covered="1"/></method><counter type="INSTRUCTION" missed="0" covered="10"/><counter type="LINE" missed="0" covered="3"/><counter type="COMPLEXITY" missed="0" covered="2"/><counter type="METHOD" missed="0" covered="2"/><counter type="CLASS" missed="0" covered="1"/></class><class name="ch/powerunit/matchers/optional/OptionalDoubleMatcher"><method name="&lt;init&gt;" desc="(Lorg/hamcrest/Matcher;)V" line="43"><counter type="INSTRUCTION" missed="0" covered="6"/><counter type="LINE" missed="0" covered="2"/><counter type="COMPLEXITY" missed="0" covered="1"/><counter type="METHOD" missed="0" covered="1"/></method><method name="featureValueOf" desc="(Ljava/util/OptionalDouble;)Ljava/lang/Double;" line="48"><counter type="INSTRUCTION" missed="0" covered="4"/><counter type="LINE" missed="0" covered="1"/><counter type="COMPLEXITY" missed="0" covered="1"/><counter type="METHOD" missed="0" covered="1"/></method><counter type="INSTRUCTION" missed="0" covered="10"/><counter type="LINE" missed="0" covered="3"/><counter type="COMPLEXITY" missed="0" covered="2"/><counter type="METHOD" missed="0" covered="2"/><counter type="CLASS" missed="0" covered="1"/></class><class name="ch/powerunit/matchers/optional/OptionalLongMatcher"><method name="&lt;init&gt;" desc="(Lorg/hamcrest/Matcher;)V" line="42"><counter type="INSTRUCTION" missed="0" covered="6"/><counter type="LINE" missed="0" covered="2"/><counter type="COMPLEXITY" missed="0" covered="1"/><counter type="METHOD" missed="0" covered="1"/></method><method name="featureValueOf" desc="(Ljava/util/OptionalLong;)Ljava/lang/Long;" line="47"><counter type="INSTRUCTION" missed="0" covered="4"/><counter type="LINE" missed="0" covered="1"/><counter type="COMPLEXITY" missed="0" covered="1"/><counter type="METHOD" missed="0" covered="1"/></method><counter type="INSTRUCTION" missed="0" covered="10"/><counter type="LINE" missed="0" covered="3"/><counter type="COMPLEXITY" missed="0" covered="2"/><counter type="METHOD" missed="0" covered="2"/><counter type="CLASS" missed="0" covered="1"/></class><class name="ch/powerunit/matchers/optional/OptionalPresentMatcher"><method name="&lt;init&gt;" desc="(Lorg/hamcrest/Matcher;)V" line="43"><counter type="INSTRUCTION" missed="0" covered="6"/><counter type="LINE" missed="0" covered="2"/><counter type="COMPLEXITY" missed="0" covered="1"/><counter type="METHOD" missed="0" covered="1"/></method><method name="featureValueOf" desc="(Ljava/util/Optional;)Ljava/lang/Boolean;" line="48"><counter type="INSTRUCTION" missed="0" covered="4"/><counter type="LINE" missed="0" covered="1"/><counter type="COMPLEXITY" missed="0" covered="1"/><counter type="METHOD" missed="0" covered="1"/></method><counter type="INSTRUCTION" missed="0" covered="10"/><counter type="LINE" missed="0" covered="3"/><counter type="COMPLEXITY" missed="0" covered="2"/><counter type="METHOD" missed="0" covered="2"/><counter type="CLASS" missed="0" covered="1"/></class><sourcefile name="OptionalLongMatcher.java"><line nr="42" mi="0" ci="5" mb="0" cb="0"/><line nr="43" mi="0" ci="1" mb="0" cb="0"/><line nr="47" mi="0" ci="4" mb="0" cb="0"/><counter type="INSTRUCTION" missed="0" covered="10"/><counter type="LINE" missed="0" covered="3"/><counter type="COMPLEXITY" missed="0" covered="2"/><counter type="METHOD" missed="0" covered="2"/><counter type="CLASS" missed="0" covered="1"/></sourcefile><sourcefile name="OptionalIntMatcher.java"><line nr="42" mi="0" ci="5" mb="0" cb="0"/><line nr="43" mi="0" ci="1" mb="0" cb="0"/><line nr="47" mi="0" ci="4" mb="0" cb="0"/><counter type="INSTRUCTION" missed="0" covered="10"/><counter type="LINE" missed="0" covered="3"/><counter type="COMPLEXITY" missed="0" covered="2"/><counter type="METHOD" missed="0" covered="2"/><counter type="CLASS" missed="0" covered="1"/></sourcefile><sourcefile name="OptionalLongPresentMatcher.java"><line nr="43" mi="0" ci="5" mb="0" cb="0"/><line nr="44" mi="0" ci="1" mb="0" cb="0"/><line nr="48" mi="0" ci="4" mb="0" cb="0"/><counter type="INSTRUCTION" missed="0" covered="10"/><counter type="LINE" missed="0" covered="3"/><counter type="COMPLEXITY" missed="0" covered="2"/><counter type="METHOD" missed="0" covered="2"/><counter type="CLASS" missed="0" covered="1"/></sourcefile><sourcefile name="OptionalIntPresentMatcher.java"><line nr="43" mi="0" ci="5" mb="0" cb="0"/><line nr="44" mi="0" ci="1" mb="0" cb="0"/><line nr="48" mi="0" ci="4" mb="0" cb="0"/><counter type="INSTRUCTION" missed="0" covered="10"/><counter type="LINE" missed="0" covered="3"/><counter type="COMPLEXITY" missed="0" covered="2"/><counter type="METHOD" missed="0" covered="2"/><counter type="CLASS" missed="0" covered="1"/></sourcefile><sourcefile name="OptionalPresentMatcher.java"><line nr="43" mi="0" ci="5" mb="0" cb="0"/><line nr="44" mi="0" ci="1" mb="0" cb="0"/><line nr="48" mi="0" ci="4" mb="0" cb="0"/><counter type="INSTRUCTION" missed="0" covered="10"/><counter type="LINE" missed="0" covered="3"/><counter type="COMPLEXITY" missed="0" covered="2"/><counter type="METHOD" missed="0" covered="2"/><counter type="CLASS" missed="0" covered="1"/></sourcefile><sourcefile name="OptionalDoublePresentMatcher.java"><line nr="43" mi="0" ci="5" mb="0" cb="0"/><line nr="44" mi="0" ci="1" mb="0" cb="0"/><line nr="48" mi="0" ci="4" mb="0" cb="0"/><counter type="INSTRUCTION" missed="0" covered="10"/><counter type="LINE" missed="0" covered="3"/><counter type="COMPLEXITY" missed="0" covered="2"/><counter type="METHOD" missed="0" covered="2"/><counter type="CLASS" missed="0" covered="1"/></sourcefile><sourcefile name="OptionalDoubleMatcher.java"><line nr="43" mi="0" ci="5" mb="0" cb="0"/><line nr="44" mi="0" ci="1" mb="0" cb="0"/><line nr="48" mi="0" ci="4" mb="0" cb="0"/><counter type="INSTRUCTION" missed="0" covered="10"/><counter type="LINE" missed="0" covered="3"/><counter type="COMPLEXITY" missed="0" covered="2"/><counter type="METHOD" missed="0" covered="2"/><counter type="CLASS" missed="0" covered="1"/></sourcefile><sourcefile name="OptionalMatcher.java"><line nr="42" mi="0" ci="5" mb="0" cb="0"/><line nr="43" mi="0" ci="1" mb="0" cb="0"/><line nr="47" mi="0" ci="3" mb="0" cb="0"/><counter type="INSTRUCTION" missed="0" covered="9"/><counter type="LINE" missed="0" covered="3"/><counter type="COMPLEXITY" missed="0" covered="2"/><counter type="METHOD" missed="0" covered="2"/><counter type="CLASS" missed="0" covered="1"/></sourcefile><counter type="INSTRUCTION" missed="0" covered="79"/><counter type="LINE" missed="0" covered="24"/><counter type="COMPLEXITY" missed="0" covered="16"/><counter type="METHOD" missed="0" covered="16"/><counter type="CLASS" missed="0" covered="8"/></package><package name="ch/powerunit/rules"><class name="ch/powerunit/rules/ExternalResource"><method name="onStart" desc="(Lch/powerunit/TestContext;)V" line="47"><counter type="INSTRUCTION" missed="0" covered="3"/><counter type="LINE" missed="0" covered="2"/><counter type="COMPLEXITY" missed="0" covered="1"/><counter type="METHOD" missed="0" covered="1"/></method><method name="onEnd" desc="(Lch/powerunit/TestContext;)V" line="52"><counter type="INSTRUCTION" missed="0" covered="3"/><counter type="LINE" missed="0" covered="2"/><counter type="COMPLEXITY" missed="0" covered="1"/><counter type="METHOD" missed="0" covered="1"/></method><method name="before" desc="()V" line="60"><counter type="INSTRUCTION" missed="0" covered="1"/><counter type="LINE" missed="0" covered="1"/><counter type="COMPLEXITY" missed="0" covered="1"/><counter type="METHOD" missed="0" covered="1"/></method><method name="after" desc="()V" line="67"><counter type="INSTRUCTION" missed="0" covered="1"/><counter type="LINE" missed="0" covered="1"/><counter type="COMPLEXITY" missed="0" covered="1"/><counter type="METHOD" missed="0" covered="1"/></method><counter type="INSTRUCTION" missed="0" covered="8"/><counter type="LINE" missed="0" covered="6"/><counter type="COMPLEXITY" missed="0" covered="4"/><counter type="METHOD" missed="0" covered="4"/><counter type="CLASS" missed="0" covered="1"/></class><class name="ch/powerunit/rules/TestListenerRule"><method name="onStart" desc="(Lch/powerunit/TestContext;)V" line="71"><counter type="INSTRUCTION" missed="1" covered="0"/><counter type="LINE" missed="1" covered="0"/><counter type="COMPLEXITY" missed="1" covered="0"/><counter type="METHOD" missed="1" covered="0"/></method><method name="onFailure" desc="(Lch/powerunit/TestContext;Ljava/lang/AssertionError;)V" line="85"><counter type="INSTRUCTION" missed="1" covered="0"/><counter type="LINE" missed="1" covered="0"/><counter type="COMPLEXITY" missed="1" covered="0"/><counter type="METHOD" missed="1" covered="0"/></method><method name="onError" desc="(Lch/powerunit/TestContext;Ljava/lang/Throwable;)V" line="99"><counter type="INSTRUCTION" missed="1" covered="0"/><counter type="LINE" missed="1" covered="0"/><counter type="COMPLEXITY" missed="1" covered="0"/><counter type="METHOD" missed="1" covered="0"/></method><method name="onAssumptionSkip" desc="(Lch/powerunit/TestContext;Lch/powerunit/exception/AssumptionError;)V" line="114"><counter type="INSTRUCTION" missed="1" covered="0"/><counter type="LINE" missed="1" covered="0"/><counter type="COMPLEXITY" missed="1" covered="0"/><counter type="METHOD" missed="1" covered="0"/></method><method name="onEnd" desc="(Lch/powerunit/TestContext;)V" line="126"><counter type="INSTRUCTION" missed="0" covered="1"/><counter type="LINE" missed="0" covered="1"/><counter type="COMPLEXITY" missed="0" covered="1"/><counter type="METHOD" missed="0" covered="1"/></method><method name="computeStatement" desc="(Lch/powerunit/Statement;)Lch/powerunit/Statement;" line="131"><counter type="INSTRUCTION" missed="0" covered="4"/><counter type="LINE" missed="0" covered="1"/><counter type="COMPLEXITY" missed="0" covered="1"/><counter type="METHOD" missed="0" covered="1"/></method><counter type="INSTRUCTION" missed="4" covered="5"/><counter type="LINE" missed="4" covered="2"/><counter type="COMPLEXITY" missed="4" covered="2"/><counter type="METHOD" missed="4" covered="2"/><counter type="CLASS" missed="0" covered="1"/></class><class name="ch/powerunit/rules/SystemPropertiesRule"><method name="&lt;init&gt;" desc="([Ljava/lang/String;)V" line="55"><counter type="INSTRUCTION" missed="0" covered="6"/><counter type="LINE" missed="0" covered="3"/><counter type="COMPLEXITY" missed="0" covered="1"/><counter type="METHOD" missed="0" covered="1"/></method><method name="before" desc="()V" line="61"><counter type="INSTRUCTION" missed="0" covered="32"/><counter type="BRANCH" missed="0" covered="2"/><counter type="LINE" missed="0" covered="5"/><counter type="COMPLEXITY" missed="0" covered="2"/><counter type="METHOD" missed="0" covered="1"/></method><method name="after" desc="()V" line="70"><counter type="INSTRUCTION" missed="0" covered="34"/><counter type="BRANCH" missed="0" covered="4"/><counter type="LINE" missed="0" covered="6"/><counter type="COMPLEXITY" missed="0" covered="3"/><counter type="METHOD" missed="0" covered="1"/></method><method name="setSystemPropertyBeforeTestAndRestoreAfter" desc="(Ljava/lang/String;Ljava/util/function/Supplier;)Lch/powerunit/TestRule;" line="91"><counter type="INSTRUCTION" missed="0" covered="15"/><counter type="LINE" missed="0" covered="2"/><counter type="COMPLEXITY" missed="0" covered="1"/><counter type="METHOD" missed="0" covered="1"/></method><method name="setSystemPropertyBeforeTestAndRestoreAfter" desc="(Ljava/lang/String;Ljava/lang/String;)Lch/powerunit/TestRule;" line="107"><counter type="INSTRUCTION" missed="0" covered="5"/><counter type="LINE" missed="0" covered="1"/><counter type="COMPLEXITY" missed="0" covered="1"/><counter type="METHOD" missed="0" covered="1"/></method><counter type="INSTRUCTION" missed="0" covered="92"/><counter type="BRANCH" missed="0" covered="6"/><counter type="LINE" missed="0" covered="17"/><counter type="COMPLEXITY" missed="0" covered="8"/><counter type="METHOD" missed="0" covered="5"/><counter type="CLASS" missed="0" covered="1"/></class><class name="ch/powerunit/rules/TestContextRule"><method name="&lt;init&gt;" desc="()V" line="31"><counter type="INSTRUCTION" missed="0" covered="3"/><counter type="LINE" missed="0" covered="1"/><counter type="COMPLEXITY" missed="0" covered="1"/><counter type="METHOD" missed="0" covered="1"/></method><method name="onStart" desc="(Lch/powerunit/TestContext;)V" line="43"><counter type="INSTRUCTION" missed="0" covered="4"/><counter type="LINE" missed="0" covered="2"/><counter type="COMPLEXITY" missed="0" covered="1"/><counter type="METHOD" missed="0" covered="1"/></method><method name="getTestContext" desc="()Lch/powerunit/TestContext;" line="52"><counter type="INSTRUCTION" missed="0" covered="3"/><counter type="LINE" missed="0" covered="1"/><counter type="COMPLEXITY" missed="0" covered="1"/><counter type="METHOD" missed="0" covered="1"/></method><counter type="INSTRUCTION" missed="0" covered="10"/><counter type="LINE" missed="0" covered="4"/><counter type="COMPLEXITY" missed="0" covered="3"/><counter type="METHOD" missed="0" covered="3"/><counter type="CLASS" missed="0" covered="1"/></class><sourcefile name="TestContextRule.java"><line nr="31" mi="0" ci="3" mb="0" cb="0"/><line nr="43" mi="0" ci="3" mb="0" cb="0"/><line nr="44" mi="0" ci="1" mb="0" cb="0"/><line nr="52" mi="0" ci="3" mb="0" cb="0"/><counter type="INSTRUCTION" missed="0" covered="10"/><counter type="LINE" missed="0" covered="4"/><counter type="COMPLEXITY" missed="0" covered="3"/><counter type="METHOD" missed="0" covered="3"/><counter type="CLASS" missed="0" covered="1"/></sourcefile><sourcefile name="TestListenerRule.java"><line nr="71" mi="1" ci="0" mb="0" cb="0"/><line nr="85" mi="1" ci="0" mb="0" cb="0"/><line nr="99" mi="1" ci="0" mb="0" cb="0"/><line nr="114" mi="1" ci="0" mb="0" cb="0"/><line nr="126" mi="0" ci="1" mb="0" cb="0"/><line nr="131" mi="0" ci="4" mb="0" cb="0"/><counter type="INSTRUCTION" missed="4" covered="5"/><counter type="LINE" missed="4" covered="2"/><counter type="COMPLEXITY" missed="4" covered="2"/><counter type="METHOD" missed="4" covered="2"/><counter type="CLASS" missed="0" covered="1"/></sourcefile><sourcefile name="ExternalResource.java"><line nr="47" mi="0" ci="2" mb="0" cb="0"/><line nr="48" mi="0" ci="1" mb="0" cb="0"/><line nr="52" mi="0" ci="2" mb="0" cb="0"/><line nr="53" mi="0" ci="1" mb="0" cb="0"/><line nr="60" mi="0" ci="1" mb="0" cb="0"/><line nr="67" mi="0" ci="1" mb="0" cb="0"/><counter type="INSTRUCTION" missed="0" covered="8"/><counter type="LINE" missed="0" covered="6"/><counter type="COMPLEXITY" missed="0" covered="4"/><counter type="METHOD" missed="0" covered="4"/><counter type="CLASS" missed="0" covered="1"/></sourcefile><sourcefile name="SystemPropertiesRule.java"><line nr="55" mi="0" ci="2" mb="0" cb="0"/><line nr="56" mi="0" ci="3" mb="0" cb="0"/><line nr="57" mi="0" ci="1" mb="0" cb="0"/><line nr="61" mi="0" ci="5" mb="0" cb="0"/><line nr="62" mi="0" ci="17" mb="0" cb="2"/><line nr="63" mi="0" ci="3" mb="0" cb="0"/><line nr="64" mi="0" ci="6" mb="0" cb="0"/><line nr="66" mi="0" ci="1" mb="0" cb="0"/><line nr="70" mi="0" ci="17" mb="0" cb="2"/><line nr="71" mi="0" ci="6" mb="0" cb="0"/><line nr="72" mi="0" ci="2" mb="0" cb="2"/><line nr="73" mi="0" ci="4" mb="0" cb="0"/><line nr="75" mi="0" ci="4" mb="0" cb="0"/><line nr="78" mi="0" ci="1" mb="0" cb="0"/><line nr="91" mi="0" ci="14" mb="0" cb="0"/><line nr="92" mi="0" ci="1" mb="0" cb="0"/><line nr="107" mi="0" ci="5" mb="0" cb="0"/><counter type="INSTRUCTION" missed="0" covered="92"/><counter type="BRANCH" missed="0" covered="6"/><counter type="LINE" missed="0" covered="17"/><counter type="COMPLEXITY" missed="0" covered="8"/><counter type="METHOD" missed="0" covered="5"/><counter type="CLASS" missed="0" covered="1"/></sourcefile><counter type="INSTRUCTION" missed="4" covered="115"/><counter type="BRANCH" missed="0" covered="6"/><counter type="LINE" missed="4" covered="29"/><counter type="COMPLEXITY" missed="4" covered="17"/><counter type="METHOD" missed="4" covered="14"/><counter type="CLASS" missed="0" covered="4"/></package><package name="ch/powerunit/report"><class name="ch/powerunit/report/ObjectFactory"><method name="&lt;init&gt;" desc="()V" line="42"><counter type="INSTRUCTION" missed="3" covered="0"/><counter type="LINE" missed="2" covered="0"/><counter type="COMPLEXITY" missed="1" covered="0"/><counter type="METHOD" missed="1" covered="0"/></method><method name="createTestsuite" desc="()Lch/powerunit/report/Testsuite;" line="50"><counter type="INSTRUCTION" missed="4" covered="0"/><counter type="LINE" missed="1" covered="0"/><counter type="COMPLEXITY" missed="1" covered="0"/><counter type="METHOD" missed="1" covered="0"/></method><method name="createProperties" desc="()Lch/powerunit/report/Properties;" line="58"><counter type="INSTRUCTION" missed="4" covered="0"/><counter type="LINE" missed="1" covered="0"/><counter type="COMPLEXITY" missed="1" covered="0"/><counter type="METHOD" missed="1" covered="0"/></method><method name="createProperty" desc="()Lch/powerunit/report/Property;" line="66"><counter type="INSTRUCTION" missed="4" covered="0"/><counter type="LINE" missed="1" covered="0"/><counter type="COMPLEXITY" missed="1" covered="0"/><counter type="METHOD" missed="1" covered="0"/></method><method name="createTestcase" desc="()Lch/powerunit/report/Testcase;" line="74"><counter type="INSTRUCTION" missed="4" covered="0"/><counter type="LINE" missed="1" covered="0"/><counter type="COMPLEXITY" missed="1" covered="0"/><counter type="METHOD" missed="1" covered="0"/></method><method name="createError" desc="()Lch/powerunit/report/Error;" line="82"><counter type="INSTRUCTION" missed="4" covered="0"/><counter type="LINE" missed="1" covered="0"/><counter type="COMPLEXITY" missed="1" covered="0"/><counter type="METHOD" missed="1" covered="0"/></method><method name="createFailure" desc="()Lch/powerunit/report/Failure;" line="90"><counter type="INSTRUCTION" missed="4" covered="0"/><counter type="LINE" missed="1" covered="0"/><counter type="COMPLEXITY" missed="1" covered="0"/><counter type="METHOD" missed="1" covered="0"/></method><method name="createTestsuites" desc="()Lch/powerunit/report/Testsuites;" line="98"><counter type="INSTRUCTION" missed="4" covered="0"/><counter type="LINE" missed="1" covered="0"/><counter type="COMPLEXITY" missed="1" covered="0"/><counter type="METHOD" missed="1" covered="0"/></method><method name="createSystemErr" desc="(Ljava/lang/String;)Ljavax/xml/bind/JAXBElement;" line="107"><counter type="INSTRUCTION" missed="8" covered="0"/><counter type="LINE" missed="1" covered="0"/><counter type="COMPLEXITY" missed="1" covered="0"/><counter type="METHOD" missed="1" covered="0"/></method><method name="createSkipped" desc="(Ljava/lang/String;)Ljavax/xml/bind/JAXBElement;" line="116"><counter type="INSTRUCTION" missed="8" covered="0"/><counter type="LINE" missed="1" covered="0"/><counter type="COMPLEXITY" missed="1" covered="0"/><counter type="METHOD" missed="1" covered="0"/></method><method name="createSystemOut" desc="(Ljava/lang/String;)Ljavax/xml/bind/JAXBElement;" line="125"><counter type="INSTRUCTION" missed="8" covered="0"/><counter type="LINE" missed="1" covered="0"/><counter type="COMPLEXITY" missed="1" covered="0"/><counter type="METHOD" missed="1" covered="0"/></method><method name="&lt;clinit&gt;" desc="()V" line="34"><counter type="INSTRUCTION" missed="19" covered="0"/><counter type="LINE" missed="3" covered="0"/><counter type="COMPLEXITY" missed="1" covered="0"/><counter type="METHOD" missed="1" covered="0"/></method><counter type="INSTRUCTION" missed="74" covered="0"/><counter type="LINE" missed="15" covered="0"/><counter type="COMPLEXITY" missed="12" covered="0"/><counter type="METHOD" missed="12" covered="0"/><counter type="CLASS" missed="1" covered="0"/></class><class name="ch/powerunit/report/Failure"><method name="&lt;init&gt;" desc="()V" line="42"><counter type="INSTRUCTION" missed="0" covered="3"/><counter type="LINE" missed="0" covered="1"/><counter type="COMPLEXITY" missed="0" covered="1"/><counter type="METHOD" missed="0" covered="1"/></method><method name="getContent" desc="()Ljava/lang/String;" line="60"><counter type="INSTRUCTION" missed="3" covered="0"/><counter type="LINE" missed="1" covered="0"/><counter type="COMPLEXITY" missed="1" covered="0"/><counter type="METHOD" missed="1" covered="0"/></method><method name="setContent" desc="(Ljava/lang/String;)V" line="72"><counter type="INSTRUCTION" missed="4" covered="0"/><counter type="LINE" missed="2" covered="0"/><counter type="COMPLEXITY" missed="1" covered="0"/><counter type="METHOD" missed="1" covered="0"/></method><method name="getType" desc="()Ljava/lang/String;" line="84"><counter type="INSTRUCTION" missed="3" covered="0"/><counter type="LINE" missed="1" covered="0"/><counter type="COMPLEXITY" missed="1" covered="0"/><counter type="METHOD" missed="1" covered="0"/></method><method name="setType" desc="(Ljava/lang/String;)V" line="96"><counter type="INSTRUCTION" missed="0" covered="4"/><counter type="LINE" missed="0" covered="2"/><counter type="COMPLEXITY" missed="0" covered="1"/><counter type="METHOD" missed="0" covered="1"/></method><method name="getMessage" desc="()Ljava/lang/String;" line="108"><counter type="INSTRUCTION" missed="3" covered="0"/><counter type="LINE" missed="1" covered="0"/><counter type="COMPLEXITY" missed="1" covered="0"/><counter type="METHOD" missed="1" covered="0"/></method><method name="setMessage" desc="(Ljava/lang/String;)V" line="120"><counter type="INSTRUCTION" missed="0" covered="4"/><counter type="LINE" missed="0" covered="2"/><counter type="COMPLEXITY" missed="0" covered="1"/><counter type="METHOD" missed="0" covered="1"/></method><counter type="INSTRUCTION" missed="13" covered="11"/><counter type="LINE" missed="5" covered="5"/><counter type="COMPLEXITY" missed="4" covered="3"/><counter type="METHOD" missed="4" covered="3"/><counter type="CLASS" missed="0" covered="1"/></class><class name="ch/powerunit/report/Error"><method name="&lt;init&gt;" desc="()V" line="42"><counter type="INSTRUCTION" missed="0" covered="3"/><counter type="LINE" missed="0" covered="1"/><counter type="COMPLEXITY" missed="0" covered="1"/><counter type="METHOD" missed="0" covered="1"/></method><method name="getContent" desc="()Ljava/lang/String;" line="60"><counter type="INSTRUCTION" missed="3" covered="0"/><counter type="LINE" missed="1" covered="0"/><counter type="COMPLEXITY" missed="1" covered="0"/><counter type="METHOD" missed="1" covered="0"/></method><method name="setContent" desc="(Ljava/lang/String;)V" line="72"><counter type="INSTRUCTION" missed="4" covered="0"/><counter type="LINE" missed="2" covered="0"/><counter type="COMPLEXITY" missed="1" covered="0"/><counter type="METHOD" missed="1" covered="0"/></method><method name="getType" desc="()Ljava/lang/String;" line="84"><counter type="INSTRUCTION" missed="3" covered="0"/><counter type="LINE" missed="1" covered="0"/><counter type="COMPLEXITY" missed="1" covered="0"/><counter type="METHOD" missed="1" covered="0"/></method><method name="setType" desc="(Ljava/lang/String;)V" line="96"><counter type="INSTRUCTION" missed="0" covered="4"/><counter type="LINE" missed="0" covered="2"/><counter type="COMPLEXITY" missed="0" covered="1"/><counter type="METHOD" missed="0" covered="1"/></method><method name="getMessage" desc="()Ljava/lang/String;" line="108"><counter type="INSTRUCTION" missed="3" covered="0"/><counter type="LINE" missed="1" covered="0"/><counter type="COMPLEXITY" missed="1" covered="0"/><counter type="METHOD" missed="1" covered="0"/></method><method name="setMessage" desc="(Ljava/lang/String;)V" line="120"><counter type="INSTRUCTION" missed="0" covered="4"/><counter type="LINE" missed="0" covered="2"/><counter type="COMPLEXITY" missed="0" covered="1"/><counter type="METHOD" missed="0" covered="1"/></method><counter type="INSTRUCTION" missed="13" covered="11"/><counter type="LINE" missed="5" covered="5"/><counter type="COMPLEXITY" missed="4" covered="3"/><counter type="METHOD" missed="4" covered="3"/><counter type="CLASS" missed="0" covered="1"/></class><class name="ch/powerunit/report/Properties"><method name="&lt;init&gt;" desc="()V" line="44"><counter type="INSTRUCTION" missed="3" covered="0"/><counter type="LINE" missed="1" covered="0"/><counter type="COMPLEXITY" missed="1" covered="0"/><counter type="METHOD" missed="1" covered="0"/></method><method name="getProperty" desc="()Ljava/util/List;" line="72"><counter type="INSTRUCTION" missed="11" covered="0"/><counter type="BRANCH" missed="2" covered="0"/><counter type="LINE" missed="3" covered="0"/><counter type="COMPLEXITY" missed="2" covered="0"/><counter type="METHOD" missed="1" covered="0"/></method><counter type="INSTRUCTION" missed="14" covered="0"/><counter type="BRANCH" missed="2" covered="0"/><counter type="LINE" missed="4" covered="0"/><counter type="COMPLEXITY" missed="3" covered="0"/><counter type="METHOD" missed="2" covered="0"/><counter type="CLASS" missed="1" covered="0"/></class><class name="ch/powerunit/report/Testcase"><method name="&lt;init&gt;" desc="()V" line="58"><counter type="INSTRUCTION" missed="0" covered="3"/><counter type="LINE" missed="0" covered="1"/><counter type="COMPLEXITY" missed="0" covered="1"/><counter type="METHOD" missed="0" covered="1"/></method><method name="getSkipped" desc="()Ljava/lang/String;" line="87"><counter type="INSTRUCTION" missed="3" covered="0"/><counter type="LINE" missed="1" covered="0"/><counter type="COMPLEXITY" missed="1" covered="0"/><counter type="METHOD" missed="1" covered="0"/></method><method name="setSkipped" desc="(Ljava/lang/String;)V" line="99"><counter type="INSTRUCTION" missed="0" covered="4"/><counter type="LINE" missed="0" covered="2"/><counter type="COMPLEXITY" missed="0" covered="1"/><counter type="METHOD" missed="0" covered="1"/></method><method name="getError" desc="()Ljava/util/List;" line="125"><counter type="INSTRUCTION" missed="0" covered="11"/><counter type="BRANCH" missed="0" covered="2"/><counter type="LINE" missed="0" covered="3"/><counter type="COMPLEXITY" missed="0" covered="2"/><counter type="METHOD" missed="0" covered="1"/></method><method name="getFailure" desc="()Ljava/util/List;" line="154"><counter type="INSTRUCTION" missed="0" covered="11"/><counter type="BRANCH" missed="0" covered="2"/><counter type="LINE" missed="0" covered="3"/><counter type="COMPLEXITY" missed="0" covered="2"/><counter type="METHOD" missed="0" covered="1"/></method><method name="getSystemOut" desc="()Ljava/util/List;" line="183"><counter type="INSTRUCTION" missed="11" covered="0"/><counter type="BRANCH" missed="2" covered="0"/><counter type="LINE" missed="3" covered="0"/><counter type="COMPLEXITY" missed="2" covered="0"/><counter type="METHOD" missed="1" covered="0"/></method><method name="getSystemErr" desc="()Ljava/util/List;" line="212"><counter type="INSTRUCTION" missed="11" covered="0"/><counter type="BRANCH" missed="2" covered="0"/><counter type="LINE" missed="3" covered="0"/><counter type="COMPLEXITY" missed="2" covered="0"/><counter type="METHOD" missed="1" covered="0"/></method><method name="getName" desc="()Ljava/lang/String;" line="227"><counter type="INSTRUCTION" missed="3" covered="0"/><counter type="LINE" missed="1" covered="0"/><counter type="COMPLEXITY" missed="1" covered="0"/><counter type="METHOD" missed="1" covered="0"/></method><method name="setName" desc="(Ljava/lang/String;)V" line="239"><counter type="INSTRUCTION" missed="0" covered="4"/><counter type="LINE" missed="0" covered="2"/><counter type="COMPLEXITY" missed="0" covered="1"/><counter type="METHOD" missed="0" covered="1"/></method><method name="getAssertions" desc="()Ljava/lang/String;" line="251"><counter type="INSTRUCTION" missed="3" covered="0"/><counter type="LINE" missed="1" covered="0"/><counter type="COMPLEXITY" missed="1" covered="0"/><counter type="METHOD" missed="1" covered="0"/></method><method name="setAssertions" desc="(Ljava/lang/String;)V" line="263"><counter type="INSTRUCTION" missed="4" covered="0"/><counter type="LINE" missed="2" covered="0"/><counter type="COMPLEXITY" missed="1" covered="0"/><counter type="METHOD" missed="1" covered="0"/></method><method name="getTime" desc="()Ljava/lang/String;" line="275"><counter type="INSTRUCTION" missed="3" covered="0"/><counter type="LINE" missed="1" covered="0"/><counter type="COMPLEXITY" missed="1" covered="0"/><counter type="METHOD" missed="1" covered="0"/></method><method name="setTime" desc="(Ljava/lang/String;)V" line="287"><counter type="INSTRUCTION" missed="4" covered="0"/><counter type="LINE" missed="2" covered="0"/><counter type="COMPLEXITY" missed="1" covered="0"/><counter type="METHOD" missed="1" covered="0"/></method><method name="getClassname" desc="()Ljava/lang/String;" line="299"><counter type="INSTRUCTION" missed="3" covered="0"/><counter type="LINE" missed="1" covered="0"/><counter type="COMPLEXITY" missed="1" covered="0"/><counter type="METHOD" missed="1" covered="0"/></method><method name="setClassname" desc="(Ljava/lang/String;)V" line="311"><counter type="INSTRUCTION" missed="0" covered="4"/><counter type="LINE" missed="0" covered="2"/><counter type="COMPLEXITY" missed="0" covered="1"/><counter type="METHOD" missed="0" covered="1"/></method><method name="getStatus" desc="()Ljava/lang/String;" line="323"><counter type="INSTRUCTION" missed="3" covered="0"/><counter type="LINE" missed="1" covered="0"/><counter type="COMPLEXITY" missed="1" covered="0"/><counter type="METHOD" missed="1" covered="0"/></method><method name="setStatus" desc="(Ljava/lang/String;)V" line="335"><counter type="INSTRUCTION" missed="4" covered="0"/><counter type="LINE" missed="2" covered="0"/><counter type="COMPLEXITY" missed="1" covered="0"/><counter type="METHOD" missed="1" covered="0"/></method><counter type="INSTRUCTION" missed="52" covered="37"/><counter type="BRANCH" missed="4" covered="4"/><counter type="LINE" missed="18" covered="13"/><counter type="COMPLEXITY" missed="13" covered="8"/><counter type="METHOD" missed="11" covered="6"/><counter type="CLASS" missed="0" covered="1"/></class><class name="ch/powerunit/report/Property"><method name="&lt;init&gt;" desc="()V" line="39"><counter type="INSTRUCTION" missed="3" covered="0"/><counter type="LINE" missed="1" covered="0"/><counter type="COMPLEXITY" missed="1" covered="0"/><counter type="METHOD" missed="1" covered="0"/></method><method name="getName" desc="()Ljava/lang/String;" line="55"><counter type="INSTRUCTION" missed="3" covered="0"/><counter type="LINE" missed="1" covered="0"/><counter type="COMPLEXITY" missed="1" covered="0"/><counter type="METHOD" missed="1" covered="0"/></method><method name="setName" desc="(Ljava/lang/String;)V" line="67"><counter type="INSTRUCTION" missed="4" covered="0"/><counter type="LINE" missed="2" covered="0"/><counter type="COMPLEXITY" missed="1" covered="0"/><counter type="METHOD" missed="1" covered="0"/></method><method name="getValue" desc="()Ljava/lang/String;" line="79"><counter type="INSTRUCTION" missed="3" covered="0"/><counter type="LINE" missed="1" covered="0"/><counter type="COMPLEXITY" missed="1" covered="0"/><counter type="METHOD" missed="1" covered="0"/></method><method name="setValue" desc="(Ljava/lang/String;)V" line="91"><counter type="INSTRUCTION" missed="4" covered="0"/><counter type="LINE" missed="2" covered="0"/><counter type="COMPLEXITY" missed="1" covered="0"/><counter type="METHOD" missed="1" covered="0"/></method><counter type="INSTRUCTION" missed="17" covered="0"/><counter type="LINE" missed="7" covered="0"/><counter type="COMPLEXITY" missed="5" covered="0"/><counter type="METHOD" missed="5" covered="0"/><counter type="CLASS" missed="1" covered="0"/></class><class name="ch/powerunit/report/Testsuite"><method name="&lt;init&gt;" desc="()V" line="62"><counter type="INSTRUCTION" missed="0" covered="3"/><counter type="LINE" missed="0" covered="1"/><counter type="COMPLEXITY" missed="0" covered="1"/><counter type="METHOD" missed="0" covered="1"/></method><method name="getProperties" desc="()Lch/powerunit/report/Properties;" line="102"><counter type="INSTRUCTION" missed="3" covered="0"/><counter type="LINE" missed="1" covered="0"/><counter type="COMPLEXITY" missed="1" covered="0"/><counter type="METHOD" missed="1" covered="0"/></method><method name="setProperties" desc="(Lch/powerunit/report/Properties;)V" line="114"><counter type="INSTRUCTION" missed="4" covered="0"/><counter type="LINE" missed="2" covered="0"/><counter type="COMPLEXITY" missed="1" covered="0"/><counter type="METHOD" missed="1" covered="0"/></method><method name="getTestcase" desc="()Ljava/util/List;" line="140"><counter type="INSTRUCTION" missed="0" covered="11"/><counter type="BRANCH" missed="0" covered="2"/><counter type="LINE" missed="0" covered="3"/><counter type="COMPLEXITY" missed="0" covered="2"/><counter type="METHOD" missed="0" covered="1"/></method><method name="getSystemOut" desc="()Ljava/lang/String;" line="155"><counter type="INSTRUCTION" missed="3" covered="0"/><counter type="LINE" missed="1" covered="0"/><counter type="COMPLEXITY" missed="1" covered="0"/><counter type="METHOD" missed="1" covered="0"/></method><method name="setSystemOut" desc="(Ljava/lang/String;)V" line="167"><counter type="INSTRUCTION" missed="4" covered="0"/><counter type="LINE" missed="2" covered="0"/><counter type="COMPLEXITY" missed="1" covered="0"/><counter type="METHOD" missed="1" covered="0"/></method><method name="getSystemErr" desc="()Ljava/lang/String;" line="179"><counter type="INSTRUCTION" missed="3" covered="0"/><counter type="LINE" missed="1" covered="0"/><counter type="COMPLEXITY" missed="1" covered="0"/><counter type="METHOD" missed="1" covered="0"/></method><method name="setSystemErr" desc="(Ljava/lang/String;)V" line="191"><counter type="INSTRUCTION" missed="4" covered="0"/><counter type="LINE" missed="2" covered="0"/><counter type="COMPLEXITY" missed="1" covered="0"/><counter type="METHOD" missed="1" covered="0"/></method><method name="getName" desc="()Ljava/lang/String;" line="203"><counter type="INSTRUCTION" missed="3" covered="0"/><counter type="LINE" missed="1" covered="0"/><counter type="COMPLEXITY" missed="1" covered="0"/><counter type="METHOD" missed="1" covered="0"/></method><method name="setName" desc="(Ljava/lang/String;)V" line="215"><counter type="INSTRUCTION" missed="0" covered="4"/><counter type="LINE" missed="0" covered="2"/><counter type="COMPLEXITY" missed="0" covered="1"/><counter type="METHOD" missed="0" covered="1"/></method><method name="getTests" desc="()I" line="223"><counter type="INSTRUCTION" missed="0" covered="3"/><counter type="LINE" missed="0" covered="1"/><counter type="COMPLEXITY" missed="0" covered="1"/><counter type="METHOD" missed="0" covered="1"/></method><method name="setTests" desc="(I)V" line="231"><counter type="INSTRUCTION" missed="0" covered="4"/><counter type="LINE" missed="0" covered="2"/><counter type="COMPLEXITY" missed="0" covered="1"/><counter type="METHOD" missed="0" covered="1"/></method><method name="getFailures" desc="()Ljava/lang/Integer;" line="243"><counter type="INSTRUCTION" missed="0" covered="3"/><counter type="LINE" missed="0" covered="1"/><counter type="COMPLEXITY" missed="0" covered="1"/><counter type="METHOD" missed="0" covered="1"/></method><method name="setFailures" desc="(Ljava/lang/Integer;)V" line="255"><counter type="INSTRUCTION" missed="0" covered="4"/><counter type="LINE" missed="0" covered="2"/><counter type="COMPLEXITY" missed="0" covered="1"/><counter type="METHOD" missed="0" covered="1"/></method><method name="getErrors" desc="()Ljava/lang/Integer;" line="267"><counter type="INSTRUCTION" missed="0" covered="3"/><counter type="LINE" missed="0" covered="1"/><counter type="COMPLEXITY" missed="0" covered="1"/><counter type="METHOD" missed="0" covered="1"/></method><method name="setErrors" desc="(Ljava/lang/Integer;)V" line="279"><counter type="INSTRUCTION" missed="0" covered="4"/><counter type="LINE" missed="0" covered="2"/><counter type="COMPLEXITY" missed="0" covered="1"/><counter type="METHOD" missed="0" covered="1"/></method><method name="getTime" desc="()Ljava/lang/String;" line="291"><counter type="INSTRUCTION" missed="3" covered="0"/><counter type="LINE" missed="1" covered="0"/><counter type="COMPLEXITY" missed="1" covered="0"/><counter type="METHOD" missed="1" covered="0"/></method><method name="setTime" desc="(Ljava/lang/String;)V" line="303"><counter type="INSTRUCTION" missed="4" covered="0"/><counter type="LINE" missed="2" covered="0"/><counter type="COMPLEXITY" missed="1" covered="0"/><counter type="METHOD" missed="1" covered="0"/></method><method name="getDisabled" desc="()Ljava/lang/Integer;" line="315"><counter type="INSTRUCTION" missed="0" covered="3"/><counter type="LINE" missed="0" covered="1"/><counter type="COMPLEXITY" missed="0" covered="1"/><counter type="METHOD" missed="0" covered="1"/></method><method name="setDisabled" desc="(Ljava/lang/Integer;)V" line="327"><counter type="INSTRUCTION" missed="0" covered="4"/><counter type="LINE" missed="0" covered="2"/><counter type="COMPLEXITY" missed="0" covered="1"/><counter type="METHOD" missed="0" covered="1"/></method><method name="getSkipped" desc="()Ljava/lang/Integer;" line="339"><counter type="INSTRUCTION" missed="3" covered="0"/><counter type="LINE" missed="1" covered="0"/><counter type="COMPLEXITY" missed="1" covered="0"/><counter type="METHOD" missed="1" covered="0"/></method><method name="setSkipped" desc="(Ljava/lang/Integer;)V" line="351"><counter type="INSTRUCTION" missed="4" covered="0"/><counter type="LINE" missed="2" covered="0"/><counter type="COMPLEXITY" missed="1" covered="0"/><counter type="METHOD" missed="1" covered="0"/></method><method name="getTimestamp" desc="()Ljava/lang/String;" line="363"><counter type="INSTRUCTION" missed="3" covered="0"/><counter type="LINE" missed="1" covered="0"/><counter type="COMPLEXITY" missed="1" covered="0"/><counter type="METHOD" missed="1" covered="0"/></method><method name="setTimestamp" desc="(Ljava/lang/String;)V" line="375"><counter type="INSTRUCTION" missed="4" covered="0"/><counter type="LINE" missed="2" covered="0"/><counter type="COMPLEXITY" missed="1" covered="0"/><counter type="METHOD" missed="1" covered="0"/></method><method name="getHostname" desc="()Ljava/lang/String;" line="387"><counter type="INSTRUCTION" missed="3" covered="0"/><counter type="LINE" missed="1" covered="0"/><counter type="COMPLEXITY" missed="1" covered="0"/><counter type="METHOD" missed="1" covered="0"/></method><method name="setHostname" desc="(Ljava/lang/String;)V" line="399"><counter type="INSTRUCTION" missed="4" covered="0"/><counter type="LINE" missed="2" covered="0"/><counter type="COMPLEXITY" missed="1" covered="0"/><counter type="METHOD" missed="1" covered="0"/></method><method name="getId" desc="()Ljava/lang/String;" line="411"><counter type="INSTRUCTION" missed="3" covered="0"/><counter type="LINE" missed="1" covered="0"/><counter type="COMPLEXITY" missed="1" covered="0"/><counter type="METHOD" missed="1" covered="0"/></method><method name="setId" desc="(Ljava/lang/String;)V" line="423"><counter type="INSTRUCTION" missed="4" covered="0"/><counter type="LINE" missed="2" covered="0"/><counter type="COMPLEXITY" missed="1" covered="0"/><counter type="METHOD" missed="1" covered="0"/></method><method name="getPackage" desc="()Ljava/lang/String;" line="435"><counter type="INSTRUCTION" missed="3" covered="0"/><counter type="LINE" missed="1" covered="0"/><counter type="COMPLEXITY" missed="1" covered="0"/><counter type="METHOD" missed="1" covered="0"/></method><method name="setPackage" desc="(Ljava/lang/String;)V" line="447"><counter type="INSTRUCTION" missed="4" covered="0"/><counter type="LINE" missed="2" covered="0"/><counter type="COMPLEXITY" missed="1" covered="0"/><counter type="METHOD" missed="1" covered="0"/></method><counter type="INSTRUCTION" missed="66" covered="46"/><counter type="BRANCH" missed="0" covered="2"/><counter type="LINE" missed="28" covered="18"/><counter type="COMPLEXITY" missed="19" covered="12"/><counter type="METHOD" missed="19" covered="11"/><counter type="CLASS" missed="0" covered="1"/></class><class name="ch/powerunit/report/Testsuites"><method name="&lt;init&gt;" desc="()V" line="50"><counter type="INSTRUCTION" missed="3" covered="0"/><counter type="LINE" missed="1" covered="0"/><counter type="COMPLEXITY" missed="1" covered="0"/><counter type="METHOD" missed="1" covered="0"/></method><method name="getTestsuite" desc="()Ljava/util/List;" line="89"><counter type="INSTRUCTION" missed="11" covered="0"/><counter type="BRANCH" missed="2" covered="0"/><counter type="LINE" missed="3" covered="0"/><counter type="COMPLEXITY" missed="2" covered="0"/><counter type="METHOD" missed="1" covered="0"/></method><method name="getName" desc="()Ljava/lang/String;" line="104"><counter type="INSTRUCTION" missed="3" covered="0"/><counter type="LINE" missed="1" covered="0"/><counter type="COMPLEXITY" missed="1" covered="0"/><counter type="METHOD" missed="1" covered="0"/></method><method name="setName" desc="(Ljava/lang/String;)V" line="116"><counter type="INSTRUCTION" missed="4" covered="0"/><counter type="LINE" missed="2" covered="0"/><counter type="COMPLEXITY" missed="1" covered="0"/><counter type="METHOD" missed="1" covered="0"/></method><method name="getTime" desc="()Ljava/lang/String;" line="128"><counter type="INSTRUCTION" missed="3" covered="0"/><counter type="LINE" missed="1" covered="0"/><counter type="COMPLEXITY" missed="1" covered="0"/><counter type="METHOD" missed="1" covered="0"/></method><method name="setTime" desc="(Ljava/lang/String;)V" line="140"><counter type="INSTRUCTION" missed="4" covered="0"/><counter type="LINE" missed="2" covered="0"/><counter type="COMPLEXITY" missed="1" covered="0"/><counter type="METHOD" missed="1" covered="0"/></method><method name="getTests" desc="()Ljava/lang/Integer;" line="152"><counter type="INSTRUCTION" missed="3" covered="0"/><counter type="LINE" missed="1" covered="0"/><counter type="COMPLEXITY" missed="1" covered="0"/><counter type="METHOD" missed="1" covered="0"/></method><method name="setTests" desc="(Ljava/lang/Integer;)V" line="164"><counter type="INSTRUCTION" missed="4" covered="0"/><counter type="LINE" missed="2" covered="0"/><counter type="COMPLEXITY" missed="1" covered="0"/><counter type="METHOD" missed="1" covered="0"/></method><method name="getFailures" desc="()Ljava/lang/Integer;" line="176"><counter type="INSTRUCTION" missed="3" covered="0"/><counter type="LINE" missed="1" covered="0"/><counter type="COMPLEXITY" missed="1" covered="0"/><counter type="METHOD" missed="1" covered="0"/></method><method name="setFailures" desc="(Ljava/lang/Integer;)V" line="188"><counter type="INSTRUCTION" missed="4" covered="0"/><counter type="LINE" missed="2" covered="0"/><counter type="COMPLEXITY" missed="1" covered="0"/><counter type="METHOD" missed="1" covered="0"/></method><method name="getDisabled" desc="()Ljava/lang/Integer;" line="200"><counter type="INSTRUCTION" missed="3" covered="0"/><counter type="LINE" missed="1" covered="0"/><counter type="COMPLEXITY" missed="1" covered="0"/><counter type="METHOD" missed="1" covered="0"/></method><method name="setDisabled" desc="(Ljava/lang/Integer;)V" line="212"><counter type="INSTRUCTION" missed="4" covered="0"/><counter type="LINE" missed="2" covered="0"/><counter type="COMPLEXITY" missed="1" covered="0"/><counter type="METHOD" missed="1" covered="0"/></method><method name="getErrors" desc="()Ljava/lang/Integer;" line="224"><counter type="INSTRUCTION" missed="3" covered="0"/><counter type="LINE" missed="1" covered="0"/><counter type="COMPLEXITY" missed="1" covered="0"/><counter type="METHOD" missed="1" covered="0"/></method><method name="setErrors" desc="(Ljava/lang/Integer;)V" line="236"><counter type="INSTRUCTION" missed="4" covered="0"/><counter type="LINE" missed="2" covered="0"/><counter type="COMPLEXITY" missed="1" covered="0"/><counter type="METHOD" missed="1" covered="0"/></method><counter type="INSTRUCTION" missed="56" covered="0"/><counter type="BRANCH" missed="2" covered="0"/><counter type="LINE" missed="22" covered="0"/><counter type="COMPLEXITY" missed="15" covered="0"/><counter type="METHOD" missed="14" covered="0"/><counter type="CLASS" missed="1" covered="0"/></class><sourcefile name="Error.java"><line nr="42" mi="0" ci="3" mb="0" cb="0"/><line nr="60" mi="3" ci="0" mb="0" cb="0"/><line nr="72" mi="3" ci="0" mb="0" cb="0"/><line nr="73" mi="1" ci="0" mb="0" cb="0"/><line nr="84" mi="3" ci="0" mb="0" cb="0"/><line nr="96" mi="0" ci="3" mb="0" cb="0"/><line nr="97" mi="0" ci="1" mb="0" cb="0"/><line nr="108" mi="3" ci="0" mb="0" cb="0"/><line nr="120" mi="0" ci="3" mb="0" cb="0"/><line nr="121" mi="0" ci="1" mb="0" cb="0"/><counter type="INSTRUCTION" missed="13" covered="11"/><counter type="LINE" missed="5" covered="5"/><counter type="COMPLEXITY" missed="4" covered="3"/><counter type="METHOD" missed="4" covered="3"/><counter type="CLASS" missed="0" covered="1"/></sourcefile><sourcefile name="ObjectFactory.java"><line nr="34" mi="6" ci="0" mb="0" cb="0"/><line nr="35" mi="6" ci="0" mb="0" cb="0"/><line nr="36" mi="7" ci="0" mb="0" cb="0"/><line nr="42" mi="2" ci="0" mb="0" cb="0"/><line nr="43" mi="1" ci="0" mb="0" cb="0"/><line nr="50" mi="4" ci="0" mb="0" cb="0"/><line nr="58" mi="4" ci="0" mb="0" cb="0"/><line nr="66" mi="4" ci="0" mb="0" cb="0"/><line nr="74" mi="4" ci="0" mb="0" cb="0"/><line nr="82" mi="4" ci="0" mb="0" cb="0"/><line nr="90" mi="4" ci="0" mb="0" cb="0"/><line nr="98" mi="4" ci="0" mb="0" cb="0"/><line nr="107" mi="8" ci="0" mb="0" cb="0"/><line nr="116" mi="8" ci="0" mb="0" cb="0"/><line nr="125" mi="8" ci="0" mb="0" cb="0"/><counter type="INSTRUCTION" missed="74" covered="0"/><counter type="LINE" missed="15" covered="0"/><counter type="COMPLEXITY" missed="12" covered="0"/><counter type="METHOD" missed="12" covered="0"/><counter type="CLASS" missed="1" covered="0"/></sourcefile><sourcefile name="Testcase.java"><line nr="58" mi="0" ci="3" mb="0" cb="0"/><line nr="87" mi="3" ci="0" mb="0" cb="0"/><line nr="99" mi="0" ci="3" mb="0" cb="0"/><line nr="100" mi="0" ci="1" mb="0" cb="0"/><line nr="125" mi="0" ci="3" mb="0" cb="2"/><line nr="126" mi="0" ci="5" mb="0" cb="0"/><line nr="128" mi="0" ci="3" mb="0" cb="0"/><line nr="154" mi="0" ci="3" mb="0" cb="2"/><line nr="155" mi="0" ci="5" mb="0" cb="0"/><line nr="157" mi="0" ci="3" mb="0" cb="0"/><line nr="183" mi="3" ci="0" mb="2" cb="0"/><line nr="184" mi="5" ci="0" mb="0" cb="0"/><line nr="186" mi="3" ci="0" mb="0" cb="0"/><line nr="212" mi="3" ci="0" mb="2" cb="0"/><line nr="213" mi="5" ci="0" mb="0" cb="0"/><line nr="215" mi="3" ci="0" mb="0" cb="0"/><line nr="227" mi="3" ci="0" mb="0" cb="0"/><line nr="239" mi="0" ci="3" mb="0" cb="0"/><line nr="240" mi="0" ci="1" mb="0" cb="0"/><line nr="251" mi="3" ci="0" mb="0" cb="0"/><line nr="263" mi="3" ci="0" mb="0" cb="0"/><line nr="264" mi="1" ci="0" mb="0" cb="0"/><line nr="275" mi="3" ci="0" mb="0" cb="0"/><line nr="287" mi="3" ci="0" mb="0" cb="0"/><line nr="288" mi="1" ci="0" mb="0" cb="0"/><line nr="299" mi="3" ci="0" mb="0" cb="0"/><line nr="311" mi="0" ci="3" mb="0" cb="0"/><line nr="312" mi="0" ci="1" mb="0" cb="0"/><line nr="323" mi="3" ci="0" mb="0" cb="0"/><line nr="335" mi="3" ci="0" mb="0" cb="0"/><line nr="336" mi="1" ci="0" mb="0" cb="0"/><counter type="INSTRUCTION" missed="52" covered="37"/><counter type="BRANCH" missed="4" covered="4"/><counter type="LINE" missed="18" covered="13"/><counter type="COMPLEXITY" missed="13" covered="8"/><counter type="METHOD" missed="11" covered="6"/><counter type="CLASS" missed="0" covered="1"/></sourcefile><sourcefile name="Failure.java"><line nr="42" mi="0" ci="3" mb="0" cb="0"/><line nr="60" mi="3" ci="0" mb="0" cb="0"/><line nr="72" mi="3" ci="0" mb="0" cb="0"/><line nr="73" mi="1" ci="0" mb="0" cb="0"/><line nr="84" mi="3" ci="0" mb="0" cb="0"/><line nr="96" mi="0" ci="3" mb="0" cb="0"/><line nr="97" mi="0" ci="1" mb="0" cb="0"/><line nr="108" mi="3" ci="0" mb="0" cb="0"/><line nr="120" mi="0" ci="3" mb="0" cb="0"/><line nr="121" mi="0" ci="1" mb="0" cb="0"/><counter type="INSTRUCTION" missed="13" covered="11"/><counter type="LINE" missed="5" covered="5"/><counter type="COMPLEXITY" missed="4" covered="3"/><counter type="METHOD" missed="4" covered="3"/><counter type="CLASS" missed="0" covered="1"/></sourcefile><sourcefile name="Testsuite.java"><line nr="62" mi="0" ci="3" mb="0" cb="0"/><line nr="102" mi="3" ci="0" mb="0" cb="0"/><line nr="114" mi="3" ci="0" mb="0" cb="0"/><line nr="115" mi="1" ci="0" mb="0" cb="0"/><line nr="140" mi="0" ci="3" mb="0" cb="2"/><line nr="141" mi="0" ci="5" mb="0" cb="0"/><line nr="143" mi="0" ci="3" mb="0" cb="0"/><line nr="155" mi="3" ci="0" mb="0" cb="0"/><line nr="167" mi="3" ci="0" mb="0" cb="0"/><line nr="168" mi="1" ci="0" mb="0" cb="0"/><line nr="179" mi="3" ci="0" mb="0" cb="0"/><line nr="191" mi="3" ci="0" mb="0" cb="0"/><line nr="192" mi="1" ci="0" mb="0" cb="0"/><line nr="203" mi="3" ci="0" mb="0" cb="0"/><line nr="215" mi="0" ci="3" mb="0" cb="0"/><line nr="216" mi="0" ci="1" mb="0" cb="0"/><line nr="223" mi="0" ci="3" mb="0" cb="0"/><line nr="231" mi="0" ci="3" mb="0" cb="0"/><line nr="232" mi="0" ci="1" mb="0" cb="0"/><line nr="243" mi="0" ci="3" mb="0" cb="0"/><line nr="255" mi="0" ci="3" mb="0" cb="0"/><line nr="256" mi="0" ci="1" mb="0" cb="0"/><line nr="267" mi="0" ci="3" mb="0" cb="0"/><line nr="279" mi="0" ci="3" mb="0" cb="0"/><line nr="280" mi="0" ci="1" mb="0" cb="0"/><line nr="291" mi="3" ci="0" mb="0" cb="0"/><line nr="303" mi="3" ci="0" mb="0" cb="0"/><line nr="304" mi="1" ci="0" mb="0" cb="0"/><line nr="315" mi="0" ci="3" mb="0" cb="0"/><line nr="327" mi="0" ci="3" mb="0" cb="0"/><line nr="328" mi="0" ci="1" mb="0" cb="0"/><line nr="339" mi="3" ci="0" mb="0" cb="0"/><line nr="351" mi="3" ci="0" mb="0" cb="0"/><line nr="352" mi="1" ci="0" mb="0" cb="0"/><line nr="363" mi="3" ci="0" mb="0" cb="0"/><line nr="375" mi="3" ci="0" mb="0" cb="0"/><line nr="376" mi="1" ci="0" mb="0" cb="0"/><line nr="387" mi="3" ci="0" mb="0" cb="0"/><line nr="399" mi="3" ci="0" mb="0" cb="0"/><line nr="400" mi="1" ci="0" mb="0" cb="0"/><line nr="411" mi="3" ci="0" mb="0" cb="0"/><line nr="423" mi="3" ci="0" mb="0" cb="0"/><line nr="424" mi="1" ci="0" mb="0" cb="0"/><line nr="435" mi="3" ci="0" mb="0" cb="0"/><line nr="447" mi="3" ci="0" mb="0" cb="0"/><line nr="448" mi="1" ci="0" mb="0" cb="0"/><counter type="INSTRUCTION" missed="66" covered="46"/><counter type="BRANCH" missed="0" covered="2"/><counter type="LINE" missed="28" covered="18"/><counter type="COMPLEXITY" missed="19" covered="12"/><counter type="METHOD" missed="19" covered="11"/><counter type="CLASS" missed="0" covered="1"/></sourcefile><sourcefile name="Property.java"><line nr="39" mi="3" ci="0" mb="0" cb="0"/><line nr="55" mi="3" ci="0" mb="0" cb="0"/><line nr="67" mi="3" ci="0" mb="0" cb="0"/><line nr="68" mi="1" ci="0" mb="0" cb="0"/><line nr="79" mi="3" ci="0" mb="0" cb="0"/><line nr="91" mi="3" ci="0" mb="0" cb="0"/><line nr="92" mi="1" ci="0" mb="0" cb="0"/><counter type="INSTRUCTION" missed="17" covered="0"/><counter type="LINE" missed="7" covered="0"/><counter type="COMPLEXITY" missed="5" covered="0"/><counter type="METHOD" missed="5" covered="0"/><counter type="CLASS" missed="1" covered="0"/></sourcefile><sourcefile name="Testsuites.java"><line nr="50" mi="3" ci="0" mb="0" cb="0"/><line nr="89" mi="3" ci="0" mb="2" cb="0"/><line nr="90" mi="5" ci="0" mb="0" cb="0"/><line nr="92" mi="3" ci="0" mb="0" cb="0"/><line nr="104" mi="3" ci="0" mb="0" cb="0"/><line nr="116" mi="3" ci="0" mb="0" cb="0"/><line nr="117" mi="1" ci="0" mb="0" cb="0"/><line nr="128" mi="3" ci="0" mb="0" cb="0"/><line nr="140" mi="3" ci="0" mb="0" cb="0"/><line nr="141" mi="1" ci="0" mb="0" cb="0"/><line nr="152" mi="3" ci="0" mb="0" cb="0"/><line nr="164" mi="3" ci="0" mb="0" cb="0"/><line nr="165" mi="1" ci="0" mb="0" cb="0"/><line nr="176" mi="3" ci="0" mb="0" cb="0"/><line nr="188" mi="3" ci="0" mb="0" cb="0"/><line nr="189" mi="1" ci="0" mb="0" cb="0"/><line nr="200" mi="3" ci="0" mb="0" cb="0"/><line nr="212" mi="3" ci="0" mb="0" cb="0"/><line nr="213" mi="1" ci="0" mb="0" cb="0"/><line nr="224" mi="3" ci="0" mb="0" cb="0"/><line nr="236" mi="3" ci="0" mb="0" cb="0"/><line nr="237" mi="1" ci="0" mb="0" cb="0"/><counter type="INSTRUCTION" missed="56" covered="0"/><counter type="BRANCH" missed="2" covered="0"/><counter type="LINE" missed="22" covered="0"/><counter type="COMPLEXITY" missed="15" covered="0"/><counter type="METHOD" missed="14" covered="0"/><counter type="CLASS" missed="1" covered="0"/></sourcefile><sourcefile name="Properties.java"><line nr="44" mi="3" ci="0" mb="0" cb="0"/><line nr="72" mi="3" ci="0" mb="2" cb="0"/><line nr="73" mi="5" ci="0" mb="0" cb="0"/><line nr="75" mi="3" ci="0" mb="0" cb="0"/><counter type="INSTRUCTION" missed="14" covered="0"/><counter type="BRANCH" missed="2" covered="0"/><counter type="LINE" missed="4" covered="0"/><counter type="COMPLEXITY" missed="3" covered="0"/><counter type="METHOD" missed="2" covered="0"/><counter type="CLASS" missed="1" covered="0"/></sourcefile><counter type="INSTRUCTION" missed="305" covered="105"/><counter type="BRANCH" missed="8" covered="6"/><counter type="LINE" missed="104" covered="41"/><counter type="COMPLEXITY" missed="75" covered="26"/><counter type="METHOD" missed="71" covered="23"/><counter type="CLASS" missed="4" covered="4"/></package><package name="ch/powerunit/surefire"><class name="ch/powerunit/surefire/PowerUnitProviderScannerFilter"><method name="&lt;init&gt;" desc="(Ljava/util/Properties;)V" line="43"><counter type="INSTRUCTION" missed="0" covered="73"/><counter type="BRANCH" missed="0" covered="4"/><counter type="LINE" missed="0" covered="12"/><counter type="COMPLEXITY" missed="0" covered="3"/><counter type="METHOD" missed="0" covered="1"/></method><method name="accept" desc="(Ljava/lang/Class;)Z" line="62"><counter type="INSTRUCTION" missed="0" covered="25"/><counter type="BRANCH" missed="0" covered="4"/><counter type="LINE" missed="0" covered="4"/><counter type="COMPLEXITY" missed="0" covered="3"/><counter type="METHOD" missed="0" covered="1"/></method><counter type="INSTRUCTION" missed="0" covered="98"/><counter type="BRANCH" missed="0" covered="8"/><counter type="LINE" missed="0" covered="16"/><counter type="COMPLEXITY" missed="0" covered="6"/><counter type="METHOD" missed="0" covered="2"/><counter type="CLASS" missed="0" covered="1"/></class><class name="ch/powerunit/surefire/PowerUnitProvider"><method name="&lt;init&gt;" desc="(Lorg/apache/maven/surefire/providerapi/ProviderParameters;)V" line="57"><counter type="INSTRUCTION" missed="0" covered="22"/><counter type="LINE" missed="0" covered="7"/><counter type="COMPLEXITY" missed="0" covered="1"/><counter type="METHOD" missed="0" covered="1"/></method><method name="getSuites" desc="()Ljava/util/Iterator;" line="73"><counter type="INSTRUCTION" missed="0" covered="17"/><counter type="LINE" missed="0" covered="3"/><counter type="COMPLEXITY" missed="0" covered="1"/><counter type="METHOD" missed="0" covered="1"/></method><method name="invoke" desc="(Ljava/lang/Object;)Lorg/apache/maven/surefire/suite/RunResult;" line="89"><counter type="INSTRUCTION" missed="5" covered="57"/><counter type="BRANCH" missed="1" covered="5"/><counter type="LINE" missed="1" covered="17"/><counter type="COMPLEXITY" missed="1" covered="3"/><counter type="METHOD" missed="0" covered="1"/></method><counter type="INSTRUCTION" missed="5" covered="96"/><counter type="BRANCH" missed="1" covered="5"/><counter type="LINE" missed="1" covered="27"/><counter type="COMPLEXITY" missed="1" covered="5"/><counter type="METHOD" missed="0" covered="3"/><counter type="CLASS" missed="0" covered="1"/></class><class name="ch/powerunit/surefire/PowerUnitProviderListener"><method name="&lt;init&gt;" desc="(Lorg/apache/maven/surefire/report/ConsoleLogger;Lorg/apache/maven/surefire/report/RunListener;Ljava/lang/Class;)V" line="40"><counter type="INSTRUCTION" missed="0" covered="12"/><counter type="LINE" missed="0" covered="5"/><counter type="COMPLEXITY" missed="0" covered="1"/><counter type="METHOD" missed="0" covered="1"/></method><method name="notifyStart" desc="(Lch/powerunit/TestContext;)V" line="48"><counter type="INSTRUCTION" missed="0" covered="14"/><counter type="LINE" missed="0" covered="4"/><counter type="COMPLEXITY" missed="0" covered="1"/><counter type="METHOD" missed="0" covered="1"/></method><method name="notifySuccess" desc="(Lch/powerunit/TestContext;)V" line="55"><counter type="INSTRUCTION" missed="0" covered="14"/><counter type="LINE" missed="0" covered="4"/><counter type="COMPLEXITY" missed="0" covered="1"/><counter type="METHOD" missed="0" covered="1"/></method><method name="notifyFailure" desc="(Lch/powerunit/TestContext;Ljava/lang/Throwable;)V" line="62"><counter type="INSTRUCTION" missed="0" covered="24"/><counter type="LINE" missed="0" covered="5"/><counter type="COMPLEXITY" missed="0" covered="1"/><counter type="METHOD" missed="0" covered="1"/></method><method name="notifySetStart" desc="(Ljava/lang/String;Ljava/lang/String;)V" line="70"><counter type="INSTRUCTION" missed="0" covered="12"/><counter type="LINE" missed="0" covered="3"/><counter type="COMPLEXITY" missed="0" covered="1"/><counter type="METHOD" missed="0" covered="1"/></method><method name="notifySetEnd" desc="(Ljava/lang/String;Ljava/lang/String;)V" line="76"><counter type="INSTRUCTION" missed="0" covered="12"/><counter type="LINE" missed="0" covered="3"/><counter type="COMPLEXITY" missed="0" covered="1"/><counter type="METHOD" missed="0" covered="1"/></method><method name="notifySkipped" desc="(Lch/powerunit/TestContext;)V" line="82"><counter type="INSTRUCTION" missed="0" covered="14"/><counter type="LINE" missed="0" covered="3"/><counter type="COMPLEXITY" missed="0" covered="1"/><counter type="METHOD" missed="0" covered="1"/></method><method name="notifyError" desc="(Lch/powerunit/TestContext;Ljava/lang/Throwable;)V" line="88"><counter type="INSTRUCTION" missed="0" covered="24"/><counter type="LINE" missed="0" covered="5"/><counter type="COMPLEXITY" missed="0" covered="1"/><counter type="METHOD" missed="0" covered="1"/></method><counter type="INSTRUCTION" missed="0" covered="126"/><counter type="LINE" missed="0" covered="32"/><counter type="COMPLEXITY" missed="0" covered="8"/><counter type="METHOD" missed="0" covered="8"/><counter type="CLASS" missed="0" covered="1"/></class><sourcefile name="PowerUnitProviderScannerFilter.java"><line nr="43" mi="0" ci="2" mb="0" cb="0"/><line nr="44" mi="0" ci="5" mb="0" cb="0"/><line nr="46" mi="0" ci="5" mb="0" cb="0"/><line nr="48" mi="0" ci="4" mb="0" cb="0"/><line nr="49" mi="0" ci="4" mb="0" cb="0"/><line nr="50" mi="0" ci="18" mb="0" cb="2"/><line nr="51" mi="0" ci="4" mb="0" cb="0"/><line nr="53" mi="0" ci="18" mb="0" cb="2"/><line nr="54" mi="0" ci="4" mb="0" cb="0"/><line nr="56" mi="0" ci="4" mb="0" cb="0"/><line nr="57" mi="0" ci="4" mb="0" cb="0"/><line nr="58" mi="0" ci="1" mb="0" cb="0"/><line nr="62" mi="0" ci="17" mb="0" cb="2"/><line nr="63" mi="0" ci="4" mb="0" cb="2"/><line nr="64" mi="0" ci="2" mb="0" cb="0"/><line nr="67" mi="0" ci="2" mb="0" cb="0"/><counter type="INSTRUCTION" missed="0" covered="98"/><counter type="BRANCH" missed="0" covered="8"/><counter type="LINE" missed="0" covered="16"/><counter type="COMPLEXITY" missed="0" covered="6"/><counter type="METHOD" missed="0" covered="2"/><counter type="CLASS" missed="0" covered="1"/></sourcefile><sourcefile name="PowerUnitProviderListener.java"><line nr="40" mi="0" ci="2" mb="0" cb="0"/><line nr="41" mi="0" ci="3" mb="0" cb="0"/><line nr="42" mi="0" ci="3" mb="0" cb="0"/><line nr="43" mi="0" ci="3" mb="0" cb="0"/><line nr="44" mi="0" ci="1" mb="0" cb="0"/><line nr="48" mi="0" ci="7" mb="0" cb="0"/><line nr="49" mi="0" ci="4" mb="0" cb="0"/><line nr="50" mi="0" ci="2" mb="0" cb="0"/><line nr="51" mi="0" ci="1" mb="0" cb="0"/><line nr="55" mi="0" ci="7" mb="0" cb="0"/><line nr="56" mi="0" ci="4" mb="0" cb="0"/><line nr="57" mi="0" ci="2" mb="0" cb="0"/><line nr="58" mi="0" ci="1" mb="0" cb="0"/><line nr="62" mi="0" ci="9" mb="0" cb="0"/><line nr="63" mi="0" ci="7" mb="0" cb="0"/><line nr="64" mi="0" ci="2" mb="0" cb="0"/><line nr="65" mi="0" ci="5" mb="0" cb="0"/><line nr="66" mi="0" ci="1" mb="0" cb="0"/><line nr="70" mi="0" ci="7" mb="0" cb="0"/><line nr="71" mi="0" ci="4" mb="0" cb="0"/><line nr="72" mi="0" ci="1" mb="0" cb="0"/><line nr="76" mi="0" ci="7" mb="0" cb="0"/><line nr="77" mi="0" ci="4" mb="0" cb="0"/><line nr="78" mi="0" ci="1" mb="0" cb="0"/><line nr="82" mi="0" ci="9" mb="0" cb="0"/><line nr="83" mi="0" ci="4" mb="0" cb="0"/><line nr="84" mi="0" ci="1" mb="0" cb="0"/><line nr="88" mi="0" ci="9" mb="0" cb="0"/><line nr="89" mi="0" ci="7" mb="0" cb="0"/><line nr="90" mi="0" ci="2" mb="0" cb="0"/><line nr="91" mi="0" ci="5" mb="0" cb="0"/><line nr="92" mi="0" ci="1" mb="0" cb="0"/><counter type="INSTRUCTION" missed="0" covered="126"/><counter type="LINE" missed="0" covered="32"/><counter type="COMPLEXITY" missed="0" covered="8"/><counter type="METHOD" missed="0" covered="8"/><counter type="CLASS" missed="0" covered="1"/></sourcefile><sourcefile name="PowerUnitProvider.java"><line nr="57" mi="0" ci="2" mb="0" cb="0"/><line nr="58" mi="0" ci="3" mb="0" cb="0"/><line nr="59" mi="0" ci="4" mb="0" cb="0"/><line nr="60" mi="0" ci="4" mb="0" cb="0"/><line nr="61" mi="0" ci="4" mb="0" cb="0"/><line nr="62" mi="0" ci="4" mb="0" cb="0"/><line nr="63" mi="0" ci="1" mb="0" cb="0"/><line nr="73" mi="0" ci="9" mb="0" cb="0"/><line nr="74" mi="0" ci="2" mb="0" cb="0"/><line nr="76" mi="0" ci="6" mb="0" cb="0"/><line nr="89" mi="0" ci="2" mb="0" cb="2"/><line nr="90" mi="0" ci="2" mb="0" cb="0"/><line nr="92" mi="0" ci="3" mb="0" cb="0"/><line nr="93" mi="0" ci="3" mb="0" cb="2"/><line nr="94" mi="0" ci="8" mb="0" cb="0"/><line nr="96" mi="0" ci="2" mb="0" cb="0"/><line nr="98" mi="0" ci="2" mb="0" cb="0"/><line nr="99" mi="0" ci="2" mb="0" cb="0"/><line nr="101" mi="0" ci="4" mb="0" cb="0"/><line nr="102" mi="0" ci="3" mb="0" cb="0"/><line nr="104" mi="0" ci="3" mb="1" cb="1"/><line nr="105" mi="5" ci="0" mb="0" cb="0"/><line nr="109" mi="0" ci="3" mb="0" cb="0"/><line nr="110" mi="0" ci="7" mb="0" cb="0"/><line nr="113" mi="0" ci="5" mb="0" cb="0"/><line nr="115" mi="0" ci="3" mb="0" cb="0"/><line nr="116" mi="0" ci="2" mb="0" cb="0"/><line nr="117" mi="0" ci="3" mb="0" cb="0"/><counter type="INSTRUCTION" missed="5" covered="96"/><counter type="BRANCH" missed="1" covered="5"/><counter type="LINE" missed="1" covered="27"/><counter type="COMPLEXITY" missed="1" covered="5"/><counter type="METHOD" missed="0" covered="3"/><counter type="CLASS" missed="0" covered="1"/></sourcefile><counter type="INSTRUCTION" missed="5" covered="320"/><counter type="BRANCH" missed="1" covered="13"/><counter type="LINE" missed="1" covered="75"/><counter type="COMPLEXITY" missed="1" covered="19"/><counter type="METHOD" missed="0" covered="13"/><counter type="CLASS" missed="0" covered="3"/></package><package name="ch/powerunit/processor"><class name="ch/powerunit/processor/PowerUnitProcessor"><method name="&lt;init&gt;" desc="()V" line="54"><counter type="INSTRUCTION" missed="6" covered="0"/><counter type="LINE" missed="2" covered="0"
[...]
="3" ci="0" mb="0" cb="0"/><line nr="1900" mi="0" ci="4" mb="0" cb="0"/><line nr="1925" mi="4" ci="0" mb="0" cb="0"/><line nr="1948" mi="1" ci="0" mb="0" cb="0"/><line nr="1949" mi="2" ci="0" mb="0" cb="0"/><line nr="1972" mi="3" ci="0" mb="0" cb="0"/><line nr="1996" mi="1" ci="0" mb="0" cb="0"/><line nr="1997" mi="2" ci="0" mb="0" cb="0"/><line nr="2020" mi="3" ci="0" mb="0" cb="0"/><line nr="2043" mi="1" ci="0" mb="0" cb="0"/><line nr="2044" mi="2" ci="0" mb="0" cb="0"/><line nr="2063" mi="1" ci="0" mb="0" cb="0"/><line nr="2064" mi="2" ci="0" mb="0" cb="0"/><line nr="2091" mi="1" ci="0" mb="0" cb="0"/><line nr="2092" mi="2" ci="0" mb="0" cb="0"/><line nr="2108" mi="2" ci="0" mb="0" cb="0"/><line nr="2124" mi="2" ci="0" mb="0" cb="0"/><line nr="2144" mi="1" ci="0" mb="0" cb="0"/><line nr="2145" mi="2" ci="0" mb="0" cb="0"/><line nr="2167" mi="3" ci="0" mb="0" cb="0"/><line nr="2189" mi="1" ci="0" mb="0" cb="0"/><line nr="2190" mi="2" ci="0" mb="0" cb="0"/><line nr="2211" mi="1" ci="0" mb="0" cb="0"/><line nr="2212" mi="2" ci="0" mb="0" cb="0"/><line nr="2234" mi="4" ci="0" mb="0" cb="0"/><line nr="2253" mi="3" ci="0" mb="0" cb="0"/><line nr="2275" mi="3" ci="0" mb="0" cb="0"/><line nr="2301" mi="4" ci="0" mb="0" cb="0"/><line nr="2323" mi="1" ci="0" mb="0" cb="0"/><line nr="2324" mi="2" ci="0" mb="0" cb="0"/><line nr="2347" mi="4" ci="0" mb="0" cb="0"/><line nr="2367" mi="3" ci="0" mb="0" cb="0"/><line nr="2394" mi="5" ci="0" mb="0" cb="0"/><line nr="2418" mi="4" ci="0" mb="0" cb="0"/><counter type="INSTRUCTION" missed="309" covered="28"/><counter type="LINE" missed="125" covered="9"/><counter type="COMPLEXITY" missed="92" covered="9"/><counter type="METHOD" missed="92" covered="9"/><counter type="CLASS" missed="0" covered="1"/></sourcefile><sourcefile name="Matchers.java"><line nr="56" mi="0" ci="5" mb="0" cb="0"/><line nr="67" mi="0" ci="6" mb="0" cb="0"/><line nr="78" mi="0" ci="8" mb="0" cb="0"/><line nr="89" mi="0" ci="8" mb="0" cb="0"/><line nr="103" mi="0" ci="10" mb="0" cb="0"/><line nr="117" mi="0" ci="6" mb="0" cb="0"/><line nr="126" mi="0" ci="8" mb="0" cb="0"/><line nr="135" mi="0" ci="8" mb="0" cb="0"/><line nr="147" mi="0" ci="10" mb="0" cb="0"/><line nr="157" mi="0" ci="8" mb="0" cb="0"/><line nr="166" mi="0" ci="8" mb="0" cb="0"/><line nr="178" mi="0" ci="10" mb="0" cb="0"/><line nr="190" mi="0" ci="6" mb="0" cb="0"/><line nr="199" mi="0" ci="8" mb="0" cb="0"/><line nr="208" mi="0" ci="8" mb="0" cb="0"/><line nr="220" mi="0" ci="10" mb="0" cb="0"/><line nr="232" mi="0" ci="6" mb="0" cb="0"/><line nr="247" mi="5" ci="0" mb="0" cb="0"/><line nr="262" mi="5" ci="0" mb="0" cb="0"/><counter type="INSTRUCTION" missed="10" covered="133"/><counter type="LINE" missed="2" covered="17"/><counter type="COMPLEXITY" missed="2" covered="17"/><counter type="METHOD" missed="2" covered="17"/><counter type="CLASS" missed="0" covered="1"/></sourcefile><sourcefile name="FileMatchers.java"><line nr="57" mi="5" ci="0" mb="0" cb="0"/><line nr="74" mi="6" ci="0" mb="0" cb="0"/><line nr="91" mi="5" ci="0" mb="0" cb="0"/><line nr="108" mi="6" ci="0" mb="0" cb="0"/><line nr="125" mi="5" ci="0" mb="0" cb="0"/><line nr="142" mi="6" ci="0" mb="0" cb="0"/><line nr="159" mi="0" ci="5" mb="0" cb="0"/><line nr="176" mi="0" ci="6" mb="0" cb="0"/><line nr="193" mi="0" ci="5" mb="0" cb="0"/><line nr="210" mi="0" ci="6" mb="0" cb="0"/><line nr="227" mi="5" ci="0" mb="0" cb="0"/><line nr="244" mi="6" ci="0" mb="0" cb="0"/><line nr="257" mi="0" ci="5" mb="0" cb="0"/><line nr="268" mi="0" ci="4" mb="0" cb="0"/><line nr="269" mi="0" ci="1" mb="0" cb="0"/><line nr="286" mi="0" ci="5" mb="0" cb="0"/><line nr="303" mi="0" ci="5" mb="0" cb="0"/><line nr="315" mi="0" ci="5" mb="0" cb="0"/><counter type="INSTRUCTION" missed="44" covered="47"/><counter type="LINE" missed="8" covered="10"/><counter type="COMPLEXITY" missed="8" covered="9"/><counter type="METHOD" missed="8" covered="9"/><counter type="CLASS" missed="0" covered="1"/></sourcefile><sourcefile name="AssertThatIterable.java"><line nr="46" mi="0" ci="4" mb="0" cb="0"/><line nr="47" mi="0" ci="1" mb="0" cb="0"/><line nr="57" mi="0" ci="4" mb="0" cb="0"/><line nr="58" mi="0" ci="1" mb="0" cb="0"/><line nr="67" mi="0" ci="4" mb="0" cb="0"/><line nr="68" mi="0" ci="1" mb="0" cb="0"/><line nr="78" mi="0" ci="4" mb="0" cb="0"/><line nr="79" mi="0" ci="1" mb="0" cb="0"/><line nr="88" mi="0" ci="4" mb="0" cb="0"/><line nr="89" mi="0" ci="1" mb="0" cb="0"/><line nr="99" mi="0" ci="4" mb="0" cb="0"/><line nr="100" mi="0" ci="1" mb="0" cb="0"/><counter type="INSTRUCTION" missed="0" covered="30"/><counter type="LINE" missed="0" covered="12"/><counter type="COMPLEXITY" missed="0" covered="6"/><counter type="METHOD" missed="0" covered="6"/><counter type="CLASS" missed="0" covered="1"/></sourcefile><sourcefile name="AssertThatObject.java"><line nr="52" mi="0" ci="4" mb="0" cb="0"/><line nr="53" mi="0" ci="1" mb="0" cb="0"/><line nr="62" mi="0" ci="4" mb="0" cb="0"/><line nr="63" mi="0" ci="1" mb="0" cb="0"/><line nr="72" mi="0" ci="4" mb="0" cb="0"/><line nr="73" mi="0" ci="1" mb="0" cb="0"/><line nr="79" mi="0" ci="3" mb="0" cb="0"/><line nr="80" mi="0" ci="1" mb="0" cb="0"/><line nr="86" mi="0" ci="3" mb="0" cb="0"/><line nr="87" mi="0" ci="1" mb="0" cb="0"/><line nr="96" mi="0" ci="4" mb="0" cb="0"/><line nr="97" mi="0" ci="1" mb="0" cb="0"/><counter type="INSTRUCTION" missed="0" covered="28"/><counter type="LINE" missed="0" covered="12"/><counter type="COMPLEXITY" missed="0" covered="6"/><counter type="METHOD" missed="0" covered="6"/><counter type="CLASS" missed="0" covered="1"/></sourcefile><sourcefile name="AssertThatString.java"><line nr="43" mi="0" ci="4" mb="0" cb="0"/><line nr="44" mi="0" ci="1" mb="0" cb="0"/><line nr="53" mi="0" ci="4" mb="0" cb="0"/><line nr="54" mi="0" ci="1" mb="0" cb="0"/><line nr="63" mi="0" ci="4" mb="0" cb="0"/><line nr="64" mi="0" ci="1" mb="0" cb="0"/><line nr="73" mi="5" ci="0" mb="0" cb="0"/><line nr="74" mi="1" ci="0" mb="0" cb="0"/><line nr="84" mi="5" ci="0" mb="0" cb="0"/><line nr="85" mi="1" ci="0" mb="0" cb="0"/><counter type="INSTRUCTION" missed="12" covered="15"/><counter type="LINE" missed="4" covered="6"/><counter type="COMPLEXITY" missed="2" covered="3"/><counter type="METHOD" missed="2" covered="3"/><counter type="CLASS" missed="0" covered="1"/></sourcefile><sourcefile name="Assert.java"><line nr="57" mi="0" ci="5" mb="0" cb="0"/><line nr="81" mi="0" ci="8" mb="0" cb="0"/><line nr="101" mi="0" ci="5" mb="0" cb="0"/><line nr="123" mi="0" ci="8" mb="0" cb="0"/><line nr="144" mi="0" ci="5" mb="0" cb="0"/><line nr="168" mi="0" ci="8" mb="0" cb="0"/><line nr="200" mi="0" ci="9" mb="0" cb="0"/><line nr="235" mi="0" ci="9" mb="0" cb="0"/><line nr="272" mi="0" ci="10" mb="0" cb="0"/><line nr="311" mi="0" ci="10" mb="0" cb="0"/><line nr="340" mi="0" ci="6" mb="0" cb="0"/><line nr="374" mi="0" ci="6" mb="0" cb="0"/><line nr="404" mi="0" ci="6" mb="0" cb="0"/><line nr="441" mi="0" ci="8" mb="0" cb="0"/><line nr="456" mi="3" ci="0" mb="0" cb="0"/><line nr="457" mi="1" ci="0" mb="0" cb="0"/><line nr="474" mi="0" ci="5" mb="0" cb="0"/><line nr="494" mi="6" ci="0" mb="0" cb="0"/><counter type="INSTRUCTION" missed="10" covered="108"/><counter type="LINE" missed="3" covered="15"/><counter type="COMPLEXITY" missed="2" covered="15"/><counter type="METHOD" missed="2" covered="15"/><counter type="CLASS" missed="0" covered="1"/></sourcefile><counter type="INSTRUCTION" missed="428" covered="580"/><counter type="LINE" missed="150" covered="121"/><counter type="COMPLEXITY" missed="113" covered="97"/><counter type="METHOD" missed="113" covered="97"/><counter type="CLASS" missed="0" covered="12"/></package><package name="ch/powerunit/matchers/file"><class name="ch/powerunit/matchers/file/FileNameMatcher"><method name="&lt;init&gt;" desc="(Lorg/hamcrest/Matcher;)V" line="36"><counter type="INSTRUCTION" missed="0" covered="6"/><counter type="LINE" missed="0" covered="2"/><counter type="COMPLEXITY" missed="0" covered="1"/><counter type="METHOD" missed="0" covered="1"/></method><method name="featureValueOf" desc="(Ljava/io/File;)Ljava/lang/String;" line="41"><counter type="INSTRUCTION" missed="0" covered="3"/><counter type="LINE" missed="0" covered="1"/><counter type="COMPLEXITY" missed="0" covered="1"/><counter type="METHOD" missed="0" covered="1"/></method><counter type="INSTRUCTION" missed="0" covered="9"/><counter type="LINE" missed="0" covered="3"/><counter type="COMPLEXITY" missed="0" covered="2"/><counter type="METHOD" missed="0" covered="2"/><counter type="CLASS" missed="0" covered="1"/></class><class name="ch/powerunit/matchers/file/FileIsAbsoluteMatcher"><method name="&lt;init&gt;" desc="(Lorg/hamcrest/Matcher;)V" line="36"><counter type="INSTRUCTION" missed="6" covered="0"/><counter type="LINE" missed="2" covered="0"/><counter type="COMPLEXITY" missed="1" covered="0"/><counter type="METHOD" missed="1" covered="0"/></method><method name="featureValueOf" desc="(Ljava/io/File;)Ljava/lang/Boolean;" line="41"><counter type="INSTRUCTION" missed="4" covered="0"/><counter type="LINE" missed="1" covered="0"/><counter type="COMPLEXITY" missed="1" covered="0"/><counter type="METHOD" missed="1" covered="0"/></method><counter type="INSTRUCTION" missed="10" covered="0"/><counter type="LINE" missed="3" covered="0"/><counter type="COMPLEXITY" missed="2" covered="0"/><counter type="METHOD" missed="2" covered="0"/><counter type="CLASS" missed="1" covered="0"/></class><class name="ch/powerunit/matchers/file/FileListMatcher"><method name="&lt;init&gt;" desc="(Lorg/hamcrest/Matcher;)V" line="36"><counter type="INSTRUCTION" missed="0" covered="6"/><counter type="LINE" missed="0" covered="2"/><counter type="COMPLEXITY" missed="0" covered="1"/><counter type="METHOD" missed="0" covered="1"/></method><method name="featureValueOf" desc="(Ljava/io/File;)[Ljava/lang/String;" line="41"><counter type="INSTRUCTION" missed="0" covered="3"/><counter type="LINE" missed="0" covered="1"/><counter type="COMPLEXITY" missed="0" covered="1"/><counter type="METHOD" missed="0" covered="1"/></method><counter type="INSTRUCTION" missed="0" covered="9"/><counter type="LINE" missed="0" covered="3"/><counter type="COMPLEXITY" missed="0" covered="2"/><counter type="METHOD" missed="0" covered="2"/><counter type="CLASS" missed="0" covered="1"/></class><class name="ch/powerunit/matchers/file/FileCanWriteMatcher"><method name="&lt;init&gt;" desc="(Lorg/hamcrest/Matcher;)V" line="36"><counter type="INSTRUCTION" missed="6" covered="0"/><counter type="LINE" missed="2" covered="0"/><counter type="COMPLEXITY" missed="1" covered="0"/><counter type="METHOD" missed="1" covered="0"/></method><method name="featureValueOf" desc="(Ljava/io/File;)Ljava/lang/Boolean;" line="41"><counter type="INSTRUCTION" missed="4" covered="0"/><counter type="LINE" missed="1" covered="0"/><counter type="COMPLEXITY" missed="1" covered="0"/><counter type="METHOD" missed="1" covered="0"/></method><counter type="INSTRUCTION" missed="10" covered="0"/><counter type="LINE" missed="3" covered="0"/><counter type="COMPLEXITY" missed="2" covered="0"/><counter type="METHOD" missed="2" covered="0"/><counter type="CLASS" missed="1" covered="0"/></class><class name="ch/powerunit/matchers/file/FileCanExecuteMatcher"><method name="&lt;init&gt;" desc="(Lorg/hamcrest/Matcher;)V" line="36"><counter type="INSTRUCTION" missed="6" covered="0"/><counter type="LINE" missed="2" covered="0"/><counter type="COMPLEXITY" missed="1" covered="0"/><counter type="METHOD" missed="1" covered="0"/></method><method name="featureValueOf" desc="(Ljava/io/File;)Ljava/lang/Boolean;" line="41"><counter type="INSTRUCTION" missed="4" covered="0"/><counter type="LINE" missed="1" covered="0"/><counter type="COMPLEXITY" missed="1" covered="0"/><counter type="METHOD" missed="1" covered="0"/></method><counter type="INSTRUCTION" missed="10" covered="0"/><counter type="LINE" missed="3" covered="0"/><counter type="COMPLEXITY" missed="2" covered="0"/><counter type="METHOD" missed="2" covered="0"/><counter type="CLASS" missed="1" covered="0"/></class><class name="ch/powerunit/matchers/file/FileCanReadMatcher"><method name="&lt;init&gt;" desc="(Lorg/hamcrest/Matcher;)V" line="36"><counter type="INSTRUCTION" missed="6" covered="0"/><counter type="LINE" missed="2" covered="0"/><counter type="COMPLEXITY" missed="1" covered="0"/><counter type="METHOD" missed="1" covered="0"/></method><method name="featureValueOf" desc="(Ljava/io/File;)Ljava/lang/Boolean;" line="41"><counter type="INSTRUCTION" missed="4" covered="0"/><counter type="LINE" missed="1" covered="0"/><counter type="COMPLEXITY" missed="1" covered="0"/><counter type="METHOD" missed="1" covered="0"/></method><counter type="INSTRUCTION" missed="10" covered="0"/><counter type="LINE" missed="3" covered="0"/><counter type="COMPLEXITY" missed="2" covered="0"/><counter type="METHOD" missed="2" covered="0"/><counter type="CLASS" missed="1" covered="0"/></class><class name="ch/powerunit/matchers/file/FileIsDirectoryMatcher"><method name="&lt;init&gt;" desc="(Lorg/hamcrest/Matcher;)V" line="36"><counter type="INSTRUCTION" missed="0" covered="6"/><counter type="LINE" missed="0" covered="2"/><counter type="COMPLEXITY" missed="0" covered="1"/><counter type="METHOD" missed="0" covered="1"/></method><method name="featureValueOf" desc="(Ljava/io/File;)Ljava/lang/Boolean;" line="41"><counter type="INSTRUCTION" missed="0" covered="4"/><counter type="LINE" missed="0" covered="1"/><counter type="COMPLEXITY" missed="0" covered="1"/><counter type="METHOD" missed="0" covered="1"/></method><counter type="INSTRUCTION" missed="0" covered="10"/><counter type="LINE" missed="0" covered="3"/><counter type="COMPLEXITY" missed="0" covered="2"/><counter type="METHOD" missed="0" covered="2"/><counter type="CLASS" missed="0" covered="1"/></class><class name="ch/powerunit/matchers/file/FileExistsMatcher"><method name="&lt;init&gt;" desc="(Lorg/hamcrest/Matcher;)V" line="36"><counter type="INSTRUCTION" missed="0" covered="6"/><counter type="LINE" missed="0" covered="2"/><counter type="COMPLEXITY" missed="0" covered="1"/><counter type="METHOD" missed="0" covered="1"/></method><method name="featureValueOf" desc="(Ljava/io/File;)Ljava/lang/Boolean;" line="41"><counter type="INSTRUCTION" missed="0" covered="4"/><counter type="LINE" missed="0" covered="1"/><counter type="COMPLEXITY" missed="0" covered="1"/><counter type="METHOD" missed="0" covered="1"/></method><counter type="INSTRUCTION" missed="0" covered="10"/><counter type="LINE" missed="0" covered="3"/><counter type="COMPLEXITY" missed="0" covered="2"/><counter type="METHOD" missed="0" covered="2"/><counter type="CLASS" missed="0" covered="1"/></class><class name="ch/powerunit/matchers/file/Path2FileMatcher"><method name="&lt;init&gt;" desc="(Lorg/hamcrest/Matcher;)V" line="37"><counter type="INSTRUCTION" missed="0" covered="6"/><counter type="LINE" missed="0" covered="2"/><counter type="COMPLEXITY" missed="0" covered="1"/><counter type="METHOD" missed="0" covered="1"/></method><method name="featureValueOf" desc="(Ljava/nio/file/Path;)Ljava/io/File;" line="42"><counter type="INSTRUCTION" missed="0" covered="3"/><counter type="LINE" missed="0" covered="1"/><counter type="COMPLEXITY" missed="0" covered="1"/><counter type="METHOD" missed="0" covered="1"/></method><counter type="INSTRUCTION" missed="0" covered="9"/><counter type="LINE" missed="0" covered="3"/><counter type="COMPLEXITY" missed="0" covered="2"/><counter type="METHOD" missed="0" covered="2"/><counter type="CLASS" missed="0" covered="1"/></class><sourcefile name="FileListMatcher.java"><line nr="36" mi="0" ci="5" mb="0" cb="0"/><line nr="37" mi="0" ci="1" mb="0" cb="0"/><line nr="41" mi="0" ci="3" mb="0" cb="0"/><counter type="INSTRUCTION" missed="0" covered="9"/><counter type="LINE" missed="0" covered="3"/><counter type="COMPLEXITY" missed="0" covered="2"/><counter type="METHOD" missed="0" covered="2"/><counter type="CLASS" missed="0" covered="1"/></sourcefile><sourcefile name="FileCanWriteMatcher.java"><line nr="36" mi="5" ci="0" mb="0" cb="0"/><line nr="37" mi="1" ci="0" mb="0" cb="0"/><line nr="41" mi="4" ci="0" mb="0" cb="0"/><counter type="INSTRUCTION" missed="10" covered="0"/><counter type="LINE" missed="3" covered="0"/><counter type="COMPLEXITY" missed="2" covered="0"/><counter type="METHOD" missed="2" covered="0"/><counter type="CLASS" missed="1" covered="0"/></sourcefile><sourcefile name="FileIsDirectoryMatcher.java"><line nr="36" mi="0" ci="5" mb="0" cb="0"/><line nr="37" mi="0" ci="1" mb="0" cb="0"/><line nr="41" mi="0" ci="4" mb="0" cb="0"/><counter type="INSTRUCTION" missed="0" covered="10"/><counter type="LINE" missed="0" covered="3"/><counter type="COMPLEXITY" missed="0" covered="2"/><counter type="METHOD" missed="0" covered="2"/><counter type="CLASS" missed="0" covered="1"/></sourcefile><sourcefile name="FileNameMatcher.java"><line nr="36" mi="0" ci="5" mb="0" cb="0"/><line nr="37" mi="0" ci="1" mb="0" cb="0"/><line nr="41" mi="0" ci="3" mb="0" cb="0"/><counter type="INSTRUCTION" missed="0" covered="9"/><counter type="LINE" missed="0" covered="3"/><counter type="COMPLEXITY" missed="0" covered="2"/><counter type="METHOD" missed="0" covered="2"/><counter type="CLASS" missed="0" covered="1"/></sourcefile><sourcefile name="Path2FileMatcher.java"><line nr="37" mi="0" ci="5" mb="0" cb="0"/><line nr="38" mi="0" ci="1" mb="0" cb="0"/><line nr="42" mi="0" ci="3" mb="0" cb="0"/><counter type="INSTRUCTION" missed="0" covered="9"/><counter type="LINE" missed="0" covered="3"/><counter type="COMPLEXITY" missed="0" covered="2"/><counter type="METHOD" missed="0" covered="2"/><counter type="CLASS" missed="0" covered="1"/></sourcefile><sourcefile name="FileIsAbsoluteMatcher.java"><line nr="36" mi="5" ci="0" mb="0" cb="0"/><line nr="37" mi="1" ci="0" mb="0" cb="0"/><line nr="41" mi="4" ci="0" mb="0" cb="0"/><counter type="INSTRUCTION" missed="10" covered="0"/><counter type="LINE" missed="3" covered="0"/><counter type="COMPLEXITY" missed="2" covered="0"/><counter type="METHOD" missed="2" covered="0"/><counter type="CLASS" missed="1" covered="0"/></sourcefile><sourcefile name="FileCanReadMatcher.java"><line nr="36" mi="5" ci="0" mb="0" cb="0"/><line nr="37" mi="1" ci="0" mb="0" cb="0"/><line nr="41" mi="4" ci="0" mb="0" cb="0"/><counter type="INSTRUCTION" missed="10" covered="0"/><counter type="LINE" missed="3" covered="0"/><counter type="COMPLEXITY" missed="2" covered="0"/><counter type="METHOD" missed="2" covered="0"/><counter type="CLASS" missed="1" covered="0"/></sourcefile><sourcefile name="FileExistsMatcher.java"><line nr="36" mi="0" ci="5" mb="0" cb="0"/><line nr="37" mi="0" ci="1" mb="0" cb="0"/><line nr="41" mi="0" ci="4" mb="0" cb="0"/><counter type="INSTRUCTION" missed="0" covered="10"/><counter type="LINE" missed="0" covered="3"/><counter type="COMPLEXITY" missed="0" covered="2"/><counter type="METHOD" missed="0" covered="2"/><counter type="CLASS" missed="0" covered="1"/></sourcefile><sourcefile name="FileCanExecuteMatcher.java"><line nr="36" mi="5" ci="0" mb="0" cb="0"/><line nr="37" mi="1" ci="0" mb="0" cb="0"/><line nr="41" mi="4" ci="0" mb="0" cb="0"/><counter type="INSTRUCTION" missed="10" covered="0"/><counter type="LINE" missed="3" covered="0"/><counter type="COMPLEXITY" missed="2" covered="0"/><counter type="METHOD" missed="2" covered="0"/><counter type="CLASS" missed="1" covered="0"/></sourcefile><counter type="INSTRUCTION" missed="40" covered="47"/><counter type="LINE" missed="12" covered="15"/><counter type="COMPLEXITY" missed="8" covered="10"/><counter type="METHOD" missed="8" covered="10"/><counter type="CLASS" missed="4" covered="5"/></package><counter type="INSTRUCTION" missed="2266" covered="2736"/><counter type="BRANCH" missed="128" covered="140"/><counter type="LINE" missed="609" covered="651"/><counter type="COMPLEXITY" missed="295" covered="305"/><counter type="METHOD" missed="218" covered="248"/><counter type="CLASS" missed="15" covered="54"/></report>